17-Feb-2015 17:38:20.201 INFO [main] org.apache.catalina.startup.VersionLoggerListener.log Server version:        Apache Tomcat/8.0.18
17-Feb-2015 17:38:20.201 INFO [main] org.apache.catalina.startup.VersionLoggerListener.log Server built:          Jan 23 2015 11:56:07 UTC
17-Feb-2015 17:38:20.201 INFO [main] org.apache.catalina.startup.VersionLoggerListener.log Server number:         8.0.18.0
17-Feb-2015 17:38:20.201 INFO [main] org.apache.catalina.startup.VersionLoggerListener.log OS Name:               Windows 7
17-Feb-2015 17:38:20.211 INFO [main] org.apache.catalina.startup.VersionLoggerListener.log OS Version:            6.1
17-Feb-2015 17:38:20.211 INFO [main] org.apache.catalina.startup.VersionLoggerListener.log Architecture:          x86
17-Feb-2015 17:38:20.211 INFO [main] org.apache.catalina.startup.VersionLoggerListener.log Java Home:             C:\Program Files (x86)\Java\jdk1.7.0_75\jre
17-Feb-2015 17:38:20.211 INFO [main] org.apache.catalina.startup.VersionLoggerListener.log JVM Version:           1.7.0_75-b13
17-Feb-2015 17:38:20.211 INFO [main] org.apache.catalina.startup.VersionLoggerListener.log JVM Vendor:            Oracle Corporation
17-Feb-2015 17:38:20.211 INFO [main] org.apache.catalina.startup.VersionLoggerListener.log CATALINA_BASE:         F:\IGDMWebapplication\apache-tomcat-8.0.18
17-Feb-2015 17:38:20.211 INFO [main] org.apache.catalina.startup.VersionLoggerListener.log CATALINA_HOME:         F:\IGDMWebapplication\apache-tomcat-8.0.18
17-Feb-2015 17:38:20.291 INFO [main] org.apache.catalina.startup.VersionLoggerListener.log Command line argument: -Djava.util.logging.config.file=F:\IGDMWebapplication\apache-tomcat-8.0.18\conf\logging.properties
17-Feb-2015 17:38:20.291 INFO [main] org.apache.catalina.startup.VersionLoggerListener.log Command line argument: -Djava.util.logging.manager=org.apache.juli.ClassLoaderLogManager
17-Feb-2015 17:38:20.291 INFO [main] org.apache.catalina.startup.VersionLoggerListener.log Command line argument: -Djava.endorsed.dirs=F:\IGDMWebapplication\apache-tomcat-8.0.18\endorsed
17-Feb-2015 17:38:20.291 INFO [main] org.apache.catalina.startup.VersionLoggerListener.log Command line argument: -Dcatalina.base=F:\IGDMWebapplication\apache-tomcat-8.0.18
17-Feb-2015 17:38:20.291 INFO [main] org.apache.catalina.startup.VersionLoggerListener.log Command line argument: -Dcatalina.home=F:\IGDMWebapplication\apache-tomcat-8.0.18
17-Feb-2015 17:38:20.291 INFO [main] org.apache.catalina.startup.VersionLoggerListener.log Command line argument: -Djava.io.tmpdir=F:\IGDMWebapplication\apache-tomcat-8.0.18\temp
17-Feb-2015 17:38:20.291 INFO [main] org.apache.catalina.core.AprLifecycleListener.lifecycleEvent The APR based Apache Tomcat Native library which allows optimal performance in production environments was not found on the java.library.path: C:\Program Files (x86)\Java\jdk1.7.0_75\bin;C:\Windows\Sun\Java\bin;C:\Windows\system32;C:\Windows;C:\Program Files (x86)\NVIDIA Corporation\PhysX\Common;C:\Program Files\Common Files\Microsoft Shared\Windows Live;C:\Program Files (x86)\Common Files\Microsoft Shared\Windows Live;C:\Program Files\Common Files\Microsoft Shared\Microsoft Online Services;C:\Program Files (x86)\Common Files\Microsoft Shared\Microsoft Online Services;C:\Program Files (x86)\ImageMagick-6.8.7-Q16;C:\PROGRAM FILES (X86)\INTEL\ICLS CLIENT\;C:\PROGRAM FILES\INTEL\ICLS CLIENT\;C:\Windows\SYSTEM32;C:\Windows;C:\Windows\SYSTEM32\WBEM;C:\Windows\SYSTEM32\WINDOWSPOWERSHELL\V1.0\;C:\PROGRAM FILES (X86)\MICROSOFT SQL SERVER\100\TOOLS\BINN\;C:\PROGRAM FILES\MICROSOFT SQL SERVER\100\TOOLS\BINN\;C:\PROGRAM FILES\MICROSOFT SQL SERVER\100\DTS\BINN\;C:\PROGRAM FILES (X86)\INTEL\OPENCL SDK\2.0\BIN\X86;C:\PROGRAM FILES (X86)\INTEL\OPENCL SDK\2.0\BIN\X64;C:\PROGRAM FILES\INTEL\INTEL(R) MANAGEMENT ENGINE COMPONENTS\DAL;C:\PROGRAM FILES\INTEL\INTEL(R) MANAGEMENT ENGINE COMPONENTS\IPT;C:\PROGRAM FILES (X86)\INTEL\INTEL(R) MANAGEMENT ENGINE COMPONENTS\DAL;C:\PROGRAM FILES (X86)\INTEL\INTEL(R) MANAGEMENT ENGINE COMPONENTS\IPT;C:\Program Files\Lenovo\Bluetooth Software\;C:\Program Files\Lenovo\Bluetooth Software\syswow64;C:\Program Files (x86)\Intel\OpenCL SDK\2.0\bin\x86;C:\Program Files (x86)\Intel\OpenCL SDK\2.0\bin\x64;C:\Program Files\TortoiseSVN\bin;C:\Program Files (x86)\MATLAB\R2013a\runtime\win32;C:\Program Files (x86)\MATLAB\R2013a\bin;C:\Program Files\MATLAB\R2013a\runtime\win64;C:\Program Files\MATLAB\R2013a\bin;C:\Program Files\MATLAB\MATLAB Compiler Runtime\v81\runtime\win64;C:\Program Files (x86)\Microsoft SQL Server\90\Tools\binn\;C:\Program Files\Microsoft\Web Platform Installer\;C:\Program Files\nodejs\;C:\Program Files (x86)\Windows Live\Shared;C:\Ruby193\bin;C:\Program Files (x86)\IDM Computer Solutions\UltraCompare\;C:\Program Files (x86)\SSH Communications Security\SSH Secure Shell;C:\Users\xiaodongsun\AppData\Roaming\npm;C:\Python27\;C:\Program Files (x86)\Java\jdk1.7.0_75\bin;;.
17-Feb-2015 17:38:26.813 INFO [main] org.apache.coyote.AbstractProtocol.init Initializing ProtocolHandler ["http-nio-8080"]
17-Feb-2015 17:38:28.273 INFO [main] org.apache.tomcat.util.net.NioSelectorPool.getSharedSelector Using a shared selector for servlet write/read
17-Feb-2015 17:38:28.383 INFO [main] org.apache.coyote.AbstractProtocol.init Initializing ProtocolHandler ["ajp-nio-8009"]
17-Feb-2015 17:38:28.403 INFO [main] org.apache.tomcat.util.net.NioSelectorPool.getSharedSelector Using a shared selector for servlet write/read
17-Feb-2015 17:38:28.403 INFO [main] org.apache.catalina.startup.Catalina.load Initialization processed in 10596 ms
17-Feb-2015 17:38:29.243 INFO [main] org.apache.catalina.core.StandardService.startInternal Starting service Catalina
17-Feb-2015 17:38:29.243 INFO [main] org.apache.catalina.core.StandardEngine.startInternal Starting Servlet Engine: Apache Tomcat/8.0.18
17-Feb-2015 17:38:29.523 INFO [localhost-startStop-1] org.apache.catalina.startup.HostConfig.deployDirectory Deploying web application directory F:\IGDMWebapplication\apache-tomcat-8.0.18\webapps\docs
17-Feb-2015 17:38:36.725 INFO [localhost-startStop-1] org.apache.catalina.util.SessionIdGeneratorBase.createSecureRandom Creation of SecureRandom instance for session ID generation using [SHA1PRNG] took [1,251] milliseconds.
17-Feb-2015 17:38:38.905 INFO [localhost-startStop-1] org.apache.catalina.startup.HostConfig.deployDirectory Deployment of web application directory F:\IGDMWebapplication\apache-tomcat-8.0.18\webapps\docs has finished in 9,382 ms
17-Feb-2015 17:38:38.905 INFO [localhost-startStop-1] org.apache.catalina.startup.HostConfig.deployDirectory Deploying web application directory F:\IGDMWebapplication\apache-tomcat-8.0.18\webapps\examples
17-Feb-2015 17:39:44.799 SEVERE [main] org.apache.catalina.startup.Catalina.stopServer Could not contact localhost:8005. Tomcat may not be running.
17-Feb-2015 17:39:44.801 SEVERE [main] org.apache.catalina.startup.Catalina.stopServer Catalina.stop: 
 java.net.ConnectException: Connection refused: connect
	at java.net.DualStackPlainSocketImpl.connect0(Native Method)
	at java.net.DualStackPlainSocketImpl.socketConnect(DualStackPlainSocketImpl.java:79)
	at java.net.AbstractPlainSocketImpl.doConnect(AbstractPlainSocketImpl.java:339)
	at java.net.AbstractPlainSocketImpl.connectToAddress(AbstractPlainSocketImpl.java:200)
	at java.net.AbstractPlainSocketImpl.connect(AbstractPlainSocketImpl.java:182)
	at java.net.PlainSocketImpl.connect(PlainSocketImpl.java:172)
	at java.net.SocksSocketImpl.connect(SocksSocketImpl.java:392)
	at java.net.Socket.connect(Socket.java:579)
	at java.net.Socket.connect(Socket.java:528)
	at java.net.Socket.<init>(Socket.java:425)
	at java.net.Socket.<init>(Socket.java:208)
	at org.apache.catalina.startup.Catalina.stopServer(Catalina.java:450)
	at sun.reflect.NativeMethodAccessorImpl.invoke0(Native Method)
	at sun.reflect.NativeMethodAccessorImpl.invoke(NativeMethodAccessorImpl.java:57)
	at sun.reflect.DelegatingMethodAccessorImpl.invoke(DelegatingMethodAccessorImpl.java:43)
	at java.lang.reflect.Method.invoke(Method.java:606)
	at org.apache.catalina.startup.Bootstrap.stopServer(Bootstrap.java:400)
	at org.apache.catalina.startup.Bootstrap.main(Bootstrap.java:487)

17-Feb-2015 17:39:47.381 INFO [main] org.apache.catalina.startup.VersionLoggerListener.log Server version:        Apache Tomcat/8.0.18
17-Feb-2015 17:39:47.382 INFO [main] org.apache.catalina.startup.VersionLoggerListener.log Server built:          Jan 23 2015 11:56:07 UTC
17-Feb-2015 17:39:47.382 INFO [main] org.apache.catalina.startup.VersionLoggerListener.log Server number:         8.0.18.0
17-Feb-2015 17:39:47.382 INFO [main] org.apache.catalina.startup.VersionLoggerListener.log OS Name:               Windows 7
17-Feb-2015 17:39:47.382 INFO [main] org.apache.catalina.startup.VersionLoggerListener.log OS Version:            6.1
17-Feb-2015 17:39:47.382 INFO [main] org.apache.catalina.startup.VersionLoggerListener.log Architecture:          x86
17-Feb-2015 17:39:47.383 INFO [main] org.apache.catalina.startup.VersionLoggerListener.log Java Home:             C:\Program Files (x86)\Java\jdk1.7.0_75\jre
17-Feb-2015 17:39:47.383 INFO [main] org.apache.catalina.startup.VersionLoggerListener.log JVM Version:           1.7.0_75-b13
17-Feb-2015 17:39:47.383 INFO [main] org.apache.catalina.startup.VersionLoggerListener.log JVM Vendor:            Oracle Corporation
17-Feb-2015 17:39:47.383 INFO [main] org.apache.catalina.startup.VersionLoggerListener.log CATALINA_BASE:         F:\IGDMWebapplication\apache-tomcat-8.0.18
17-Feb-2015 17:39:47.383 INFO [main] org.apache.catalina.startup.VersionLoggerListener.log CATALINA_HOME:         F:\IGDMWebapplication\apache-tomcat-8.0.18
17-Feb-2015 17:39:47.384 INFO [main] org.apache.catalina.startup.VersionLoggerListener.log Command line argument: -Djava.util.logging.config.file=F:\IGDMWebapplication\apache-tomcat-8.0.18\conf\logging.properties
17-Feb-2015 17:39:47.384 INFO [main] org.apache.catalina.startup.VersionLoggerListener.log Command line argument: -Djava.util.logging.manager=org.apache.juli.ClassLoaderLogManager
17-Feb-2015 17:39:47.384 INFO [main] org.apache.catalina.startup.VersionLoggerListener.log Command line argument: -Djava.endorsed.dirs=F:\IGDMWebapplication\apache-tomcat-8.0.18\endorsed
17-Feb-2015 17:39:47.385 INFO [main] org.apache.catalina.startup.VersionLoggerListener.log Command line argument: -Dcatalina.base=F:\IGDMWebapplication\apache-tomcat-8.0.18
17-Feb-2015 17:39:47.386 INFO [main] org.apache.catalina.startup.VersionLoggerListener.log Command line argument: -Dcatalina.home=F:\IGDMWebapplication\apache-tomcat-8.0.18
17-Feb-2015 17:39:47.386 INFO [main] org.apache.catalina.startup.VersionLoggerListener.log Command line argument: -Djava.io.tmpdir=F:\IGDMWebapplication\apache-tomcat-8.0.18\temp
17-Feb-2015 17:39:47.387 INFO [main] org.apache.catalina.core.AprLifecycleListener.lifecycleEvent The APR based Apache Tomcat Native library which allows optimal performance in production environments was not found on the java.library.path: C:\Program Files (x86)\Java\jdk1.7.0_75\bin;C:\Windows\Sun\Java\bin;C:\Windows\system32;C:\Windows;C:\Program Files (x86)\NVIDIA Corporation\PhysX\Common;C:\Program Files\Common Files\Microsoft Shared\Windows Live;C:\Program Files (x86)\Common Files\Microsoft Shared\Windows Live;C:\Program Files\Common Files\Microsoft Shared\Microsoft Online Services;C:\Program Files (x86)\Common Files\Microsoft Shared\Microsoft Online Services;C:\Program Files (x86)\ImageMagick-6.8.7-Q16;C:\PROGRAM FILES (X86)\INTEL\ICLS CLIENT\;C:\PROGRAM FILES\INTEL\ICLS CLIENT\;C:\Windows\SYSTEM32;C:\Windows;C:\Windows\SYSTEM32\WBEM;C:\Windows\SYSTEM32\WINDOWSPOWERSHELL\V1.0\;C:\PROGRAM FILES (X86)\MICROSOFT SQL SERVER\100\TOOLS\BINN\;C:\PROGRAM FILES\MICROSOFT SQL SERVER\100\TOOLS\BINN\;C:\PROGRAM FILES\MICROSOFT SQL SERVER\100\DTS\BINN\;C:\PROGRAM FILES (X86)\INTEL\OPENCL SDK\2.0\BIN\X86;C:\PROGRAM FILES (X86)\INTEL\OPENCL SDK\2.0\BIN\X64;C:\PROGRAM FILES\INTEL\INTEL(R) MANAGEMENT ENGINE COMPONENTS\DAL;C:\PROGRAM FILES\INTEL\INTEL(R) MANAGEMENT ENGINE COMPONENTS\IPT;C:\PROGRAM FILES (X86)\INTEL\INTEL(R) MANAGEMENT ENGINE COMPONENTS\DAL;C:\PROGRAM FILES (X86)\INTEL\INTEL(R) MANAGEMENT ENGINE COMPONENTS\IPT;C:\Program Files\Lenovo\Bluetooth Software\;C:\Program Files\Lenovo\Bluetooth Software\syswow64;C:\Program Files (x86)\Intel\OpenCL SDK\2.0\bin\x86;C:\Program Files (x86)\Intel\OpenCL SDK\2.0\bin\x64;C:\Program Files\TortoiseSVN\bin;C:\Program Files (x86)\MATLAB\R2013a\runtime\win32;C:\Program Files (x86)\MATLAB\R2013a\bin;C:\Program Files\MATLAB\R2013a\runtime\win64;C:\Program Files\MATLAB\R2013a\bin;C:\Program Files\MATLAB\MATLAB Compiler Runtime\v81\runtime\win64;C:\Program Files (x86)\Microsoft SQL Server\90\Tools\binn\;C:\Program Files\Microsoft\Web Platform Installer\;C:\Program Files\nodejs\;C:\Program Files (x86)\Windows Live\Shared;C:\Ruby193\bin;C:\Program Files (x86)\IDM Computer Solutions\UltraCompare\;C:\Program Files (x86)\SSH Communications Security\SSH Secure Shell;C:\Users\xiaodongsun\AppData\Roaming\npm;C:\Python27\;C:\Program Files (x86)\Java\jdk1.7.0_75\bin;;.
17-Feb-2015 17:39:47.466 INFO [main] org.apache.coyote.AbstractProtocol.init Initializing ProtocolHandler ["http-nio-8080"]
17-Feb-2015 17:39:47.485 INFO [main] org.apache.tomcat.util.net.NioSelectorPool.getSharedSelector Using a shared selector for servlet write/read
17-Feb-2015 17:39:47.487 INFO [main] org.apache.coyote.AbstractProtocol.init Initializing ProtocolHandler ["ajp-nio-8009"]
17-Feb-2015 17:39:47.495 INFO [main] org.apache.tomcat.util.net.NioSelectorPool.getSharedSelector Using a shared selector for servlet write/read
17-Feb-2015 17:39:47.496 INFO [main] org.apache.catalina.startup.Catalina.load Initialization processed in 378 ms
17-Feb-2015 17:39:47.516 INFO [main] org.apache.catalina.core.StandardService.startInternal Starting service Catalina
17-Feb-2015 17:39:47.516 INFO [main] org.apache.catalina.core.StandardEngine.startInternal Starting Servlet Engine: Apache Tomcat/8.0.18
17-Feb-2015 17:39:47.687 INFO [localhost-startStop-1] org.apache.catalina.startup.HostConfig.deployDirectory Deploying web application directory F:\IGDMWebapplication\apache-tomcat-8.0.18\webapps\docs
17-Feb-2015 17:39:49.102 INFO [localhost-startStop-1] org.apache.catalina.util.SessionIdGeneratorBase.createSecureRandom Creation of SecureRandom instance for session ID generation using [SHA1PRNG] took [903] milliseconds.
17-Feb-2015 17:39:49.118 INFO [localhost-startStop-1] org.apache.catalina.startup.HostConfig.deployDirectory Deployment of web application directory F:\IGDMWebapplication\apache-tomcat-8.0.18\webapps\docs has finished in 1,432 ms
17-Feb-2015 17:39:49.119 INFO [localhost-startStop-1] org.apache.catalina.startup.HostConfig.deployDirectory Deploying web application directory F:\IGDMWebapplication\apache-tomcat-8.0.18\webapps\examples
17-Feb-2015 17:39:56.254 INFO [localhost-startStop-1] org.apache.catalina.startup.HostConfig.deployDirectory Deployment of web application directory F:\IGDMWebapplication\apache-tomcat-8.0.18\webapps\examples has finished in 7,135 ms
17-Feb-2015 17:39:56.255 INFO [localhost-startStop-1] org.apache.catalina.startup.HostConfig.deployDirectory Deploying web application directory F:\IGDMWebapplication\apache-tomcat-8.0.18\webapps\host-manager
17-Feb-2015 17:39:56.416 INFO [localhost-startStop-1] org.apache.catalina.startup.HostConfig.deployDirectory Deployment of web application directory F:\IGDMWebapplication\apache-tomcat-8.0.18\webapps\host-manager has finished in 161 ms
17-Feb-2015 17:39:56.424 INFO [localhost-startStop-1] org.apache.catalina.startup.HostConfig.deployDirectory Deploying web application directory F:\IGDMWebapplication\apache-tomcat-8.0.18\webapps\manager
17-Feb-2015 17:39:56.532 INFO [localhost-startStop-1] org.apache.catalina.startup.HostConfig.deployDirectory Deployment of web application directory F:\IGDMWebapplication\apache-tomcat-8.0.18\webapps\manager has finished in 108 ms
17-Feb-2015 17:39:56.532 INFO [localhost-startStop-1] org.apache.catalina.startup.HostConfig.deployDirectory Deploying web application directory F:\IGDMWebapplication\apache-tomcat-8.0.18\webapps\ROOT
17-Feb-2015 17:40:26.674 INFO [main] org.apache.catalina.startup.VersionLoggerListener.log Server version:        Apache Tomcat/8.0.18
17-Feb-2015 17:40:26.675 INFO [main] org.apache.catalina.startup.VersionLoggerListener.log Server built:          Jan 23 2015 11:56:07 UTC
17-Feb-2015 17:40:26.675 INFO [main] org.apache.catalina.startup.VersionLoggerListener.log Server number:         8.0.18.0
17-Feb-2015 17:40:26.675 INFO [main] org.apache.catalina.startup.VersionLoggerListener.log OS Name:               Windows 7
17-Feb-2015 17:40:26.675 INFO [main] org.apache.catalina.startup.VersionLoggerListener.log OS Version:            6.1
17-Feb-2015 17:40:26.675 INFO [main] org.apache.catalina.startup.VersionLoggerListener.log Architecture:          x86
17-Feb-2015 17:40:26.675 INFO [main] org.apache.catalina.startup.VersionLoggerListener.log Java Home:             C:\Program Files (x86)\Java\jdk1.7.0_75\jre
17-Feb-2015 17:40:26.675 INFO [main] org.apache.catalina.startup.VersionLoggerListener.log JVM Version:           1.7.0_75-b13
17-Feb-2015 17:40:26.676 INFO [main] org.apache.catalina.startup.VersionLoggerListener.log JVM Vendor:            Oracle Corporation
17-Feb-2015 17:40:26.676 INFO [main] org.apache.catalina.startup.VersionLoggerListener.log CATALINA_BASE:         F:\IGDMWebapplication\apache-tomcat-8.0.18
17-Feb-2015 17:40:26.676 INFO [main] org.apache.catalina.startup.VersionLoggerListener.log CATALINA_HOME:         F:\IGDMWebapplication\apache-tomcat-8.0.18
17-Feb-2015 17:40:26.676 INFO [main] org.apache.catalina.startup.VersionLoggerListener.log Command line argument: -Djava.util.logging.config.file=F:\IGDMWebapplication\apache-tomcat-8.0.18\conf\logging.properties
17-Feb-2015 17:40:26.676 INFO [main] org.apache.catalina.startup.VersionLoggerListener.log Command line argument: -Djava.util.logging.manager=org.apache.juli.ClassLoaderLogManager
17-Feb-2015 17:40:26.677 INFO [main] org.apache.catalina.startup.VersionLoggerListener.log Command line argument: -Djava.endorsed.dirs=F:\IGDMWebapplication\apache-tomcat-8.0.18\endorsed
17-Feb-2015 17:40:26.677 INFO [main] org.apache.catalina.startup.VersionLoggerListener.log Command line argument: -Dcatalina.base=F:\IGDMWebapplication\apache-tomcat-8.0.18
17-Feb-2015 17:40:26.678 INFO [main] org.apache.catalina.startup.VersionLoggerListener.log Command line argument: -Dcatalina.home=F:\IGDMWebapplication\apache-tomcat-8.0.18
17-Feb-2015 17:40:26.679 INFO [main] org.apache.catalina.startup.VersionLoggerListener.log Command line argument: -Djava.io.tmpdir=F:\IGDMWebapplication\apache-tomcat-8.0.18\temp
17-Feb-2015 17:40:26.679 INFO [main] org.apache.catalina.core.AprLifecycleListener.lifecycleEvent The APR based Apache Tomcat Native library which allows optimal performance in production environments was not found on the java.library.path: C:\Program Files (x86)\Java\jdk1.7.0_75\bin;C:\Windows\Sun\Java\bin;C:\Windows\system32;C:\Windows;C:\Program Files (x86)\NVIDIA Corporation\PhysX\Common;C:\Program Files\Common Files\Microsoft Shared\Windows Live;C:\Program Files (x86)\Common Files\Microsoft Shared\Windows Live;C:\Program Files\Common Files\Microsoft Shared\Microsoft Online Services;C:\Program Files (x86)\Common Files\Microsoft Shared\Microsoft Online Services;C:\Program Files (x86)\ImageMagick-6.8.7-Q16;C:\PROGRAM FILES (X86)\INTEL\ICLS CLIENT\;C:\PROGRAM FILES\INTEL\ICLS CLIENT\;C:\Windows\SYSTEM32;C:\Windows;C:\Windows\SYSTEM32\WBEM;C:\Windows\SYSTEM32\WINDOWSPOWERSHELL\V1.0\;C:\PROGRAM FILES (X86)\MICROSOFT SQL SERVER\100\TOOLS\BINN\;C:\PROGRAM FILES\MICROSOFT SQL SERVER\100\TOOLS\BINN\;C:\PROGRAM FILES\MICROSOFT SQL SERVER\100\DTS\BINN\;C:\PROGRAM FILES (X86)\INTEL\OPENCL SDK\2.0\BIN\X86;C:\PROGRAM FILES (X86)\INTEL\OPENCL SDK\2.0\BIN\X64;C:\PROGRAM FILES\INTEL\INTEL(R) MANAGEMENT ENGINE COMPONENTS\DAL;C:\PROGRAM FILES\INTEL\INTEL(R) MANAGEMENT ENGINE COMPONENTS\IPT;C:\PROGRAM FILES (X86)\INTEL\INTEL(R) MANAGEMENT ENGINE COMPONENTS\DAL;C:\PROGRAM FILES (X86)\INTEL\INTEL(R) MANAGEMENT ENGINE COMPONENTS\IPT;C:\Program Files\Lenovo\Bluetooth Software\;C:\Program Files\Lenovo\Bluetooth Software\syswow64;C:\Program Files (x86)\Intel\OpenCL SDK\2.0\bin\x86;C:\Program Files (x86)\Intel\OpenCL SDK\2.0\bin\x64;C:\Program Files\TortoiseSVN\bin;C:\Program Files (x86)\MATLAB\R2013a\runtime\win32;C:\Program Files (x86)\MATLAB\R2013a\bin;C:\Program Files\MATLAB\R2013a\runtime\win64;C:\Program Files\MATLAB\R2013a\bin;C:\Program Files\MATLAB\MATLAB Compiler Runtime\v81\runtime\win64;C:\Program Files (x86)\Microsoft SQL Server\90\Tools\binn\;C:\Program Files\Microsoft\Web Platform Installer\;C:\Program Files\nodejs\;C:\Program Files (x86)\Windows Live\Shared;C:\Ruby193\bin;C:\Program Files (x86)\IDM Computer Solutions\UltraCompare\;C:\Program Files (x86)\SSH Communications Security\SSH Secure Shell;C:\Users\xiaodongsun\AppData\Roaming\npm;C:\Python27\;C:\Program Files (x86)\Java\jdk1.7.0_75\bin;;.
17-Feb-2015 17:40:26.760 INFO [main] org.apache.coyote.AbstractProtocol.init Initializing ProtocolHandler ["http-nio-8080"]
17-Feb-2015 17:40:26.778 INFO [main] org.apache.tomcat.util.net.NioSelectorPool.getSharedSelector Using a shared selector for servlet write/read
17-Feb-2015 17:40:26.781 INFO [main] org.apache.coyote.AbstractProtocol.init Initializing ProtocolHandler ["ajp-nio-8009"]
17-Feb-2015 17:40:26.787 INFO [main] org.apache.tomcat.util.net.NioSelectorPool.getSharedSelector Using a shared selector for servlet write/read
17-Feb-2015 17:40:26.788 INFO [main] org.apache.catalina.startup.Catalina.load Initialization processed in 374 ms
17-Feb-2015 17:40:26.804 INFO [main] org.apache.catalina.core.StandardService.startInternal Starting service Catalina
17-Feb-2015 17:40:26.805 INFO [main] org.apache.catalina.core.StandardEngine.startInternal Starting Servlet Engine: Apache Tomcat/8.0.18
17-Feb-2015 17:40:26.813 INFO [localhost-startStop-1] org.apache.catalina.startup.HostConfig.deployDirectory Deploying web application directory F:\IGDMWebapplication\apache-tomcat-8.0.18\webapps\docs
17-Feb-2015 17:40:27.888 INFO [localhost-startStop-1] org.apache.catalina.util.SessionIdGeneratorBase.createSecureRandom Creation of SecureRandom instance for session ID generation using [SHA1PRNG] took [902] milliseconds.
17-Feb-2015 17:40:27.906 INFO [localhost-startStop-1] org.apache.catalina.startup.HostConfig.deployDirectory Deployment of web application directory F:\IGDMWebapplication\apache-tomcat-8.0.18\webapps\docs has finished in 1,093 ms
17-Feb-2015 17:40:27.906 INFO [localhost-startStop-1] org.apache.catalina.startup.HostConfig.deployDirectory Deploying web application directory F:\IGDMWebapplication\apache-tomcat-8.0.18\webapps\examples
17-Feb-2015 17:40:28.768 INFO [localhost-startStop-1] org.apache.catalina.startup.HostConfig.deployDirectory Deployment of web application directory F:\IGDMWebapplication\apache-tomcat-8.0.18\webapps\examples has finished in 861 ms
17-Feb-2015 17:40:28.768 INFO [localhost-startStop-1] org.apache.catalina.startup.HostConfig.deployDirectory Deploying web application directory F:\IGDMWebapplication\apache-tomcat-8.0.18\webapps\host-manager
17-Feb-2015 17:40:28.789 INFO [localhost-startStop-1] org.apache.catalina.startup.HostConfig.deployDirectory Deployment of web application directory F:\IGDMWebapplication\apache-tomcat-8.0.18\webapps\host-manager has finished in 21 ms
17-Feb-2015 17:40:28.789 INFO [localhost-startStop-1] org.apache.catalina.startup.HostConfig.deployDirectory Deploying web application directory F:\IGDMWebapplication\apache-tomcat-8.0.18\webapps\manager
17-Feb-2015 17:40:28.817 INFO [localhost-startStop-1] org.apache.catalina.startup.HostConfig.deployDirectory Deployment of web application directory F:\IGDMWebapplication\apache-tomcat-8.0.18\webapps\manager has finished in 28 ms
17-Feb-2015 17:40:28.818 INFO [localhost-startStop-1] org.apache.catalina.startup.HostConfig.deployDirectory Deploying web application directory F:\IGDMWebapplication\apache-tomcat-8.0.18\webapps\ROOT
17-Feb-2015 17:40:29.733 INFO [localhost-startStop-1] org.apache.catalina.startup.HostConfig.deployDirectory Deployment of web application directory F:\IGDMWebapplication\apache-tomcat-8.0.18\webapps\ROOT has finished in 915 ms
17-Feb-2015 17:40:29.736 INFO [main] org.apache.coyote.AbstractProtocol.start Starting ProtocolHandler ["http-nio-8080"]
17-Feb-2015 17:40:29.743 INFO [main] org.apache.coyote.AbstractProtocol.start Starting ProtocolHandler ["ajp-nio-8009"]
17-Feb-2015 17:40:29.745 INFO [main] org.apache.catalina.startup.Catalina.start Server startup in 2956 ms
