20-Feb-2015 10:10:38.618 INFO [main] org.apache.catalina.startup.VersionLoggerListener.log Server version:        Apache Tomcat/8.0.18
20-Feb-2015 10:10:38.618 INFO [main] org.apache.catalina.startup.VersionLoggerListener.log Server built:          Jan 23 2015 11:56:07 UTC
20-Feb-2015 10:10:38.618 INFO [main] org.apache.catalina.startup.VersionLoggerListener.log Server number:         8.0.18.0
20-Feb-2015 10:10:38.618 INFO [main] org.apache.catalina.startup.VersionLoggerListener.log OS Name:               Windows 7
20-Feb-2015 10:10:38.618 INFO [main] org.apache.catalina.startup.VersionLoggerListener.log OS Version:            6.1
20-Feb-2015 10:10:38.618 INFO [main] org.apache.catalina.startup.VersionLoggerListener.log Architecture:          x86
20-Feb-2015 10:10:38.618 INFO [main] org.apache.catalina.startup.VersionLoggerListener.log Java Home:             C:\Program Files (x86)\Java\jdk1.7.0_75\jre
20-Feb-2015 10:10:38.618 INFO [main] org.apache.catalina.startup.VersionLoggerListener.log JVM Version:           1.7.0_75-b13
20-Feb-2015 10:10:38.618 INFO [main] org.apache.catalina.startup.VersionLoggerListener.log JVM Vendor:            Oracle Corporation
20-Feb-2015 10:10:38.618 INFO [main] org.apache.catalina.startup.VersionLoggerListener.log CATALINA_BASE:         F:\IGDMWebapplication\apache-tomcat-8.0.18
20-Feb-2015 10:10:38.618 INFO [main] org.apache.catalina.startup.VersionLoggerListener.log CATALINA_HOME:         F:\IGDMWebapplication\apache-tomcat-8.0.18
20-Feb-2015 10:10:38.648 INFO [main] org.apache.catalina.startup.VersionLoggerListener.log Command line argument: -Djava.util.logging.config.file=F:\IGDMWebapplication\apache-tomcat-8.0.18\conf\logging.properties
20-Feb-2015 10:10:38.648 INFO [main] org.apache.catalina.startup.VersionLoggerListener.log Command line argument: -Djava.util.logging.manager=org.apache.juli.ClassLoaderLogManager
20-Feb-2015 10:10:38.648 INFO [main] org.apache.catalina.startup.VersionLoggerListener.log Command line argument: -Djava.endorsed.dirs=F:\IGDMWebapplication\apache-tomcat-8.0.18\endorsed
20-Feb-2015 10:10:38.648 INFO [main] org.apache.catalina.startup.VersionLoggerListener.log Command line argument: -Dcatalina.base=F:\IGDMWebapplication\apache-tomcat-8.0.18
20-Feb-2015 10:10:38.648 INFO [main] org.apache.catalina.startup.VersionLoggerListener.log Command line argument: -Dcatalina.home=F:\IGDMWebapplication\apache-tomcat-8.0.18
20-Feb-2015 10:10:38.648 INFO [main] org.apache.catalina.startup.VersionLoggerListener.log Command line argument: -Djava.io.tmpdir=F:\IGDMWebapplication\apache-tomcat-8.0.18\temp
20-Feb-2015 10:10:38.648 INFO [main] org.apache.catalina.core.AprLifecycleListener.lifecycleEvent The APR based Apache Tomcat Native library which allows optimal performance in production environments was not found on the java.library.path: C:\Program Files (x86)\Java\jdk1.7.0_75\bin;C:\Windows\Sun\Java\bin;C:\Windows\system32;C:\Windows;C:\Program Files (x86)\NVIDIA Corporation\PhysX\Common;C:\Program Files\Common Files\Microsoft Shared\Windows Live;C:\Program Files (x86)\Common Files\Microsoft Shared\Windows Live;C:\Program Files\Common Files\Microsoft Shared\Microsoft Online Services;C:\Program Files (x86)\Common Files\Microsoft Shared\Microsoft Online Services;C:\Program Files (x86)\ImageMagick-6.8.7-Q16;C:\PROGRAM FILES (X86)\INTEL\ICLS CLIENT\;C:\PROGRAM FILES\INTEL\ICLS CLIENT\;C:\Windows\SYSTEM32;C:\Windows;C:\Windows\SYSTEM32\WBEM;C:\Windows\SYSTEM32\WINDOWSPOWERSHELL\V1.0\;C:\PROGRAM FILES (X86)\MICROSOFT SQL SERVER\100\TOOLS\BINN\;C:\PROGRAM FILES\MICROSOFT SQL SERVER\100\TOOLS\BINN\;C:\PROGRAM FILES\MICROSOFT SQL SERVER\100\DTS\BINN\;C:\PROGRAM FILES (X86)\INTEL\OPENCL SDK\2.0\BIN\X86;C:\PROGRAM FILES (X86)\INTEL\OPENCL SDK\2.0\BIN\X64;C:\PROGRAM FILES\INTEL\INTEL(R) MANAGEMENT ENGINE COMPONENTS\DAL;C:\PROGRAM FILES\INTEL\INTEL(R) MANAGEMENT ENGINE COMPONENTS\IPT;C:\PROGRAM FILES (X86)\INTEL\INTEL(R) MANAGEMENT ENGINE COMPONENTS\DAL;C:\PROGRAM FILES (X86)\INTEL\INTEL(R) MANAGEMENT ENGINE COMPONENTS\IPT;C:\Program Files\Lenovo\Bluetooth Software\;C:\Program Files\Lenovo\Bluetooth Software\syswow64;C:\Program Files (x86)\Intel\OpenCL SDK\2.0\bin\x86;C:\Program Files (x86)\Intel\OpenCL SDK\2.0\bin\x64;C:\Program Files\TortoiseSVN\bin;C:\Program Files (x86)\MATLAB\R2013a\runtime\win32;C:\Program Files (x86)\MATLAB\R2013a\bin;C:\Program Files\MATLAB\R2013a\runtime\win64;C:\Program Files\MATLAB\R2013a\bin;C:\Program Files\MATLAB\MATLAB Compiler Runtime\v81\runtime\win64;C:\Program Files (x86)\Microsoft SQL Server\90\Tools\binn\;C:\Program Files\Microsoft\Web Platform Installer\;C:\Program Files\nodejs\;C:\Program Files (x86)\Windows Live\Shared;C:\Ruby193\bin;C:\Program Files (x86)\IDM Computer Solutions\UltraCompare\;C:\Program Files (x86)\SSH Communications Security\SSH Secure Shell;C:\Users\xiaodongsun\AppData\Roaming\npm;C:\Python27\;C:\Program Files (x86)\Java\jdk1.7.0_75\bin;;.
20-Feb-2015 10:10:40.248 INFO [main] org.apache.coyote.AbstractProtocol.init Initializing ProtocolHandler ["http-nio-8080"]
20-Feb-2015 10:10:40.358 INFO [main] org.apache.tomcat.util.net.NioSelectorPool.getSharedSelector Using a shared selector for servlet write/read
20-Feb-2015 10:10:40.368 INFO [main] org.apache.coyote.AbstractProtocol.init Initializing ProtocolHandler ["ajp-nio-8009"]
20-Feb-2015 10:10:40.428 INFO [main] org.apache.tomcat.util.net.NioSelectorPool.getSharedSelector Using a shared selector for servlet write/read
20-Feb-2015 10:10:40.428 INFO [main] org.apache.catalina.startup.Catalina.load Initialization processed in 3998 ms
20-Feb-2015 10:10:40.668 INFO [main] org.apache.catalina.core.StandardService.startInternal Starting service Catalina
20-Feb-2015 10:10:40.668 INFO [main] org.apache.catalina.core.StandardEngine.startInternal Starting Servlet Engine: Apache Tomcat/8.0.18
20-Feb-2015 10:10:40.818 INFO [localhost-startStop-1] org.apache.catalina.startup.HostConfig.deployDirectory Deploying web application directory F:\IGDMWebapplication\apache-tomcat-8.0.18\webapps\docs
20-Feb-2015 10:10:43.138 INFO [localhost-startStop-1] org.apache.catalina.util.SessionIdGeneratorBase.createSecureRandom Creation of SecureRandom instance for session ID generation using [SHA1PRNG] took [810] milliseconds.
20-Feb-2015 10:10:43.328 INFO [localhost-startStop-1] org.apache.catalina.startup.HostConfig.deployDirectory Deployment of web application directory F:\IGDMWebapplication\apache-tomcat-8.0.18\webapps\docs has finished in 2,510 ms
20-Feb-2015 10:10:43.328 INFO [localhost-startStop-1] org.apache.catalina.startup.HostConfig.deployDirectory Deploying web application directory F:\IGDMWebapplication\apache-tomcat-8.0.18\webapps\examples
20-Feb-2015 10:10:46.389 INFO [localhost-startStop-1] org.apache.catalina.startup.HostConfig.deployDirectory Deployment of web application directory F:\IGDMWebapplication\apache-tomcat-8.0.18\webapps\examples has finished in 3,061 ms
20-Feb-2015 10:10:46.389 INFO [localhost-startStop-1] org.apache.catalina.startup.HostConfig.deployDirectory Deploying web application directory F:\IGDMWebapplication\apache-tomcat-8.0.18\webapps\host-manager
20-Feb-2015 10:10:46.439 INFO [localhost-startStop-1] org.apache.catalina.startup.HostConfig.deployDirectory Deployment of web application directory F:\IGDMWebapplication\apache-tomcat-8.0.18\webapps\host-manager has finished in 50 ms
20-Feb-2015 10:10:46.439 INFO [localhost-startStop-1] org.apache.catalina.startup.HostConfig.deployDirectory Deploying web application directory F:\IGDMWebapplication\apache-tomcat-8.0.18\webapps\manager
20-Feb-2015 10:10:46.469 INFO [localhost-startStop-1] org.apache.catalina.startup.HostConfig.deployDirectory Deployment of web application directory F:\IGDMWebapplication\apache-tomcat-8.0.18\webapps\manager has finished in 30 ms
20-Feb-2015 10:10:46.469 INFO [localhost-startStop-1] org.apache.catalina.startup.HostConfig.deployDirectory Deploying web application directory F:\IGDMWebapplication\apache-tomcat-8.0.18\webapps\ROOT
20-Feb-2015 10:10:47.829 INFO [localhost-startStop-1] org.apache.catalina.startup.HostConfig.deployDirectory Deployment of web application directory F:\IGDMWebapplication\apache-tomcat-8.0.18\webapps\ROOT has finished in 1,360 ms
20-Feb-2015 10:10:47.829 INFO [main] org.apache.coyote.AbstractProtocol.start Starting ProtocolHandler ["http-nio-8080"]
20-Feb-2015 10:10:47.839 INFO [main] org.apache.coyote.AbstractProtocol.start Starting ProtocolHandler ["ajp-nio-8009"]
20-Feb-2015 10:10:47.839 INFO [main] org.apache.catalina.startup.Catalina.start Server startup in 7407 ms
20-Feb-2015 10:34:00.704 INFO [main] org.apache.catalina.core.StandardServer.await A valid shutdown command was received via the shutdown port. Stopping the Server instance.
20-Feb-2015 10:34:00.705 INFO [main] org.apache.coyote.AbstractProtocol.pause Pausing ProtocolHandler ["http-nio-8080"]
20-Feb-2015 10:34:00.759 INFO [main] org.apache.coyote.AbstractProtocol.pause Pausing ProtocolHandler ["ajp-nio-8009"]
20-Feb-2015 10:34:00.809 INFO [main] org.apache.catalina.core.StandardService.stopInternal Stopping service Catalina
20-Feb-2015 10:34:00.962 INFO [main] org.apache.coyote.AbstractProtocol.stop Stopping ProtocolHandler ["http-nio-8080"]
20-Feb-2015 10:34:00.965 INFO [main] org.apache.coyote.AbstractProtocol.stop Stopping ProtocolHandler ["ajp-nio-8009"]
20-Feb-2015 10:34:00.967 INFO [main] org.apache.coyote.AbstractProtocol.destroy Destroying ProtocolHandler ["http-nio-8080"]
20-Feb-2015 10:34:00.969 INFO [main] org.apache.coyote.AbstractProtocol.destroy Destroying ProtocolHandler ["ajp-nio-8009"]
20-Feb-2015 10:34:05.260 INFO [main] org.apache.catalina.startup.VersionLoggerListener.log Server version:        Apache Tomcat/8.0.18
20-Feb-2015 10:34:05.262 INFO [main] org.apache.catalina.startup.VersionLoggerListener.log Server built:          Jan 23 2015 11:56:07 UTC
20-Feb-2015 10:34:05.262 INFO [main] org.apache.catalina.startup.VersionLoggerListener.log Server number:         8.0.18.0
20-Feb-2015 10:34:05.262 INFO [main] org.apache.catalina.startup.VersionLoggerListener.log OS Name:               Windows 7
20-Feb-2015 10:34:05.262 INFO [main] org.apache.catalina.startup.VersionLoggerListener.log OS Version:            6.1
20-Feb-2015 10:34:05.263 INFO [main] org.apache.catalina.startup.VersionLoggerListener.log Architecture:          x86
20-Feb-2015 10:34:05.263 INFO [main] org.apache.catalina.startup.VersionLoggerListener.log Java Home:             C:\Program Files (x86)\Java\jdk1.7.0_75\jre
20-Feb-2015 10:34:05.263 INFO [main] org.apache.catalina.startup.VersionLoggerListener.log JVM Version:           1.7.0_75-b13
20-Feb-2015 10:34:05.263 INFO [main] org.apache.catalina.startup.VersionLoggerListener.log JVM Vendor:            Oracle Corporation
20-Feb-2015 10:34:05.263 INFO [main] org.apache.catalina.startup.VersionLoggerListener.log CATALINA_BASE:         F:\IGDMWebapplication\apache-tomcat-8.0.18
20-Feb-2015 10:34:05.263 INFO [main] org.apache.catalina.startup.VersionLoggerListener.log CATALINA_HOME:         F:\IGDMWebapplication\apache-tomcat-8.0.18
20-Feb-2015 10:34:05.264 INFO [main] org.apache.catalina.startup.VersionLoggerListener.log Command line argument: -Djava.util.logging.config.file=F:\IGDMWebapplication\apache-tomcat-8.0.18\conf\logging.properties
20-Feb-2015 10:34:05.264 INFO [main] org.apache.catalina.startup.VersionLoggerListener.log Command line argument: -Djava.util.logging.manager=org.apache.juli.ClassLoaderLogManager
20-Feb-2015 10:34:05.264 INFO [main] org.apache.catalina.startup.VersionLoggerListener.log Command line argument: -Djava.endorsed.dirs=F:\IGDMWebapplication\apache-tomcat-8.0.18\endorsed
20-Feb-2015 10:34:05.265 INFO [main] org.apache.catalina.startup.VersionLoggerListener.log Command line argument: -Dcatalina.base=F:\IGDMWebapplication\apache-tomcat-8.0.18
20-Feb-2015 10:34:05.266 INFO [main] org.apache.catalina.startup.VersionLoggerListener.log Command line argument: -Dcatalina.home=F:\IGDMWebapplication\apache-tomcat-8.0.18
20-Feb-2015 10:34:05.266 INFO [main] org.apache.catalina.startup.VersionLoggerListener.log Command line argument: -Djava.io.tmpdir=F:\IGDMWebapplication\apache-tomcat-8.0.18\temp
20-Feb-2015 10:34:05.266 INFO [main] org.apache.catalina.core.AprLifecycleListener.lifecycleEvent The APR based Apache Tomcat Native library which allows optimal performance in production environments was not found on the java.library.path: C:\Program Files (x86)\Java\jdk1.7.0_75\bin;C:\Windows\Sun\Java\bin;C:\Windows\system32;C:\Windows;C:\Program Files (x86)\NVIDIA Corporation\PhysX\Common;C:\Program Files\Common Files\Microsoft Shared\Windows Live;C:\Program Files (x86)\Common Files\Microsoft Shared\Windows Live;C:\Program Files\Common Files\Microsoft Shared\Microsoft Online Services;C:\Program Files (x86)\Common Files\Microsoft Shared\Microsoft Online Services;C:\Program Files (x86)\ImageMagick-6.8.7-Q16;C:\PROGRAM FILES (X86)\INTEL\ICLS CLIENT\;C:\PROGRAM FILES\INTEL\ICLS CLIENT\;C:\Windows\SYSTEM32;C:\Windows;C:\Windows\SYSTEM32\WBEM;C:\Windows\SYSTEM32\WINDOWSPOWERSHELL\V1.0\;C:\PROGRAM FILES (X86)\MICROSOFT SQL SERVER\100\TOOLS\BINN\;C:\PROGRAM FILES\MICROSOFT SQL SERVER\100\TOOLS\BINN\;C:\PROGRAM FILES\MICROSOFT SQL SERVER\100\DTS\BINN\;C:\PROGRAM FILES (X86)\INTEL\OPENCL SDK\2.0\BIN\X86;C:\PROGRAM FILES (X86)\INTEL\OPENCL SDK\2.0\BIN\X64;C:\PROGRAM FILES\INTEL\INTEL(R) MANAGEMENT ENGINE COMPONENTS\DAL;C:\PROGRAM FILES\INTEL\INTEL(R) MANAGEMENT ENGINE COMPONENTS\IPT;C:\PROGRAM FILES (X86)\INTEL\INTEL(R) MANAGEMENT ENGINE COMPONENTS\DAL;C:\PROGRAM FILES (X86)\INTEL\INTEL(R) MANAGEMENT ENGINE COMPONENTS\IPT;C:\Program Files\Lenovo\Bluetooth Software\;C:\Program Files\Lenovo\Bluetooth Software\syswow64;C:\Program Files (x86)\Intel\OpenCL SDK\2.0\bin\x86;C:\Program Files (x86)\Intel\OpenCL SDK\2.0\bin\x64;C:\Program Files\TortoiseSVN\bin;C:\Program Files (x86)\MATLAB\R2013a\runtime\win32;C:\Program Files (x86)\MATLAB\R2013a\bin;C:\Program Files\MATLAB\R2013a\runtime\win64;C:\Program Files\MATLAB\R2013a\bin;C:\Program Files\MATLAB\MATLAB Compiler Runtime\v81\runtime\win64;C:\Program Files (x86)\Microsoft SQL Server\90\Tools\binn\;C:\Program Files\Microsoft\Web Platform Installer\;C:\Program Files\nodejs\;C:\Program Files (x86)\Windows Live\Shared;C:\Ruby193\bin;C:\Program Files (x86)\IDM Computer Solutions\UltraCompare\;C:\Program Files (x86)\SSH Communications Security\SSH Secure Shell;C:\Users\xiaodongsun\AppData\Roaming\npm;C:\Python27\;C:\Program Files (x86)\Java\jdk1.7.0_75\bin;;.
20-Feb-2015 10:34:05.367 INFO [main] org.apache.coyote.AbstractProtocol.init Initializing ProtocolHandler ["http-nio-8080"]
20-Feb-2015 10:34:05.394 INFO [main] org.apache.tomcat.util.net.NioSelectorPool.getSharedSelector Using a shared selector for servlet write/read
20-Feb-2015 10:34:05.397 INFO [main] org.apache.coyote.AbstractProtocol.init Initializing ProtocolHandler ["ajp-nio-8009"]
20-Feb-2015 10:34:05.403 INFO [main] org.apache.tomcat.util.net.NioSelectorPool.getSharedSelector Using a shared selector for servlet write/read
20-Feb-2015 10:34:05.404 INFO [main] org.apache.catalina.startup.Catalina.load Initialization processed in 453 ms
20-Feb-2015 10:34:05.420 INFO [main] org.apache.catalina.core.StandardService.startInternal Starting service Catalina
20-Feb-2015 10:34:05.420 INFO [main] org.apache.catalina.core.StandardEngine.startInternal Starting Servlet Engine: Apache Tomcat/8.0.18
20-Feb-2015 10:34:05.442 INFO [localhost-startStop-1] org.apache.catalina.startup.HostConfig.deployDirectory Deploying web application directory F:\IGDMWebapplication\apache-tomcat-8.0.18\webapps\docs
20-Feb-2015 10:34:06.335 INFO [localhost-startStop-1] org.apache.catalina.util.SessionIdGeneratorBase.createSecureRandom Creation of SecureRandom instance for session ID generation using [SHA1PRNG] took [715] milliseconds.
20-Feb-2015 10:34:06.351 INFO [localhost-startStop-1] org.apache.catalina.startup.HostConfig.deployDirectory Deployment of web application directory F:\IGDMWebapplication\apache-tomcat-8.0.18\webapps\docs has finished in 909 ms
20-Feb-2015 10:34:06.352 INFO [localhost-startStop-1] org.apache.catalina.startup.HostConfig.deployDirectory Deploying web application directory F:\IGDMWebapplication\apache-tomcat-8.0.18\webapps\examples
20-Feb-2015 10:34:07.182 INFO [localhost-startStop-1] org.apache.catalina.startup.HostConfig.deployDirectory Deployment of web application directory F:\IGDMWebapplication\apache-tomcat-8.0.18\webapps\examples has finished in 830 ms
20-Feb-2015 10:34:07.182 INFO [localhost-startStop-1] org.apache.catalina.startup.HostConfig.deployDirectory Deploying web application directory F:\IGDMWebapplication\apache-tomcat-8.0.18\webapps\host-manager
20-Feb-2015 10:34:07.202 INFO [localhost-startStop-1] org.apache.catalina.startup.HostConfig.deployDirectory Deployment of web application directory F:\IGDMWebapplication\apache-tomcat-8.0.18\webapps\host-manager has finished in 20 ms
20-Feb-2015 10:34:07.202 INFO [localhost-startStop-1] org.apache.catalina.startup.HostConfig.deployDirectory Deploying web application directory F:\IGDMWebapplication\apache-tomcat-8.0.18\webapps\manager
20-Feb-2015 10:34:07.235 INFO [localhost-startStop-1] org.apache.catalina.startup.HostConfig.deployDirectory Deployment of web application directory F:\IGDMWebapplication\apache-tomcat-8.0.18\webapps\manager has finished in 33 ms
20-Feb-2015 10:34:07.235 INFO [localhost-startStop-1] org.apache.catalina.startup.HostConfig.deployDirectory Deploying web application directory F:\IGDMWebapplication\apache-tomcat-8.0.18\webapps\ROOT
20-Feb-2015 10:34:07.900 INFO [localhost-startStop-1] org.apache.catalina.startup.HostConfig.deployDirectory Deployment of web application directory F:\IGDMWebapplication\apache-tomcat-8.0.18\webapps\ROOT has finished in 665 ms
20-Feb-2015 10:34:07.903 INFO [main] org.apache.coyote.AbstractProtocol.start Starting ProtocolHandler ["http-nio-8080"]
20-Feb-2015 10:34:07.908 INFO [main] org.apache.coyote.AbstractProtocol.start Starting ProtocolHandler ["ajp-nio-8009"]
20-Feb-2015 10:34:07.910 INFO [main] org.apache.catalina.startup.Catalina.start Server startup in 2505 ms
20-Feb-2015 11:01:56.700 INFO [main] org.apache.catalina.core.StandardServer.await A valid shutdown command was received via the shutdown port. Stopping the Server instance.
20-Feb-2015 11:01:56.701 INFO [main] org.apache.coyote.AbstractProtocol.pause Pausing ProtocolHandler ["http-nio-8080"]
20-Feb-2015 11:01:56.755 INFO [main] org.apache.coyote.AbstractProtocol.pause Pausing ProtocolHandler ["ajp-nio-8009"]
20-Feb-2015 11:01:56.806 INFO [main] org.apache.catalina.core.StandardService.stopInternal Stopping service Catalina
20-Feb-2015 11:01:56.852 INFO [main] org.apache.coyote.AbstractProtocol.stop Stopping ProtocolHandler ["http-nio-8080"]
20-Feb-2015 11:01:56.856 INFO [main] org.apache.coyote.AbstractProtocol.stop Stopping ProtocolHandler ["ajp-nio-8009"]
20-Feb-2015 11:01:56.857 INFO [main] org.apache.coyote.AbstractProtocol.destroy Destroying ProtocolHandler ["http-nio-8080"]
20-Feb-2015 11:01:56.857 INFO [main] org.apache.coyote.AbstractProtocol.destroy Destroying ProtocolHandler ["ajp-nio-8009"]
20-Feb-2015 11:02:01.434 INFO [main] org.apache.catalina.startup.VersionLoggerListener.log Server version:        Apache Tomcat/8.0.18
20-Feb-2015 11:02:01.435 INFO [main] org.apache.catalina.startup.VersionLoggerListener.log Server built:          Jan 23 2015 11:56:07 UTC
20-Feb-2015 11:02:01.436 INFO [main] org.apache.catalina.startup.VersionLoggerListener.log Server number:         8.0.18.0
20-Feb-2015 11:02:01.436 INFO [main] org.apache.catalina.startup.VersionLoggerListener.log OS Name:               Windows 7
20-Feb-2015 11:02:01.436 INFO [main] org.apache.catalina.startup.VersionLoggerListener.log OS Version:            6.1
20-Feb-2015 11:02:01.436 INFO [main] org.apache.catalina.startup.VersionLoggerListener.log Architecture:          x86
20-Feb-2015 11:02:01.436 INFO [main] org.apache.catalina.startup.VersionLoggerListener.log Java Home:             C:\Program Files (x86)\Java\jdk1.7.0_75\jre
20-Feb-2015 11:02:01.437 INFO [main] org.apache.catalina.startup.VersionLoggerListener.log JVM Version:           1.7.0_75-b13
20-Feb-2015 11:02:01.437 INFO [main] org.apache.catalina.startup.VersionLoggerListener.log JVM Vendor:            Oracle Corporation
20-Feb-2015 11:02:01.437 INFO [main] org.apache.catalina.startup.VersionLoggerListener.log CATALINA_BASE:         F:\IGDMWebapplication\apache-tomcat-8.0.18
20-Feb-2015 11:02:01.437 INFO [main] org.apache.catalina.startup.VersionLoggerListener.log CATALINA_HOME:         F:\IGDMWebapplication\apache-tomcat-8.0.18
20-Feb-2015 11:02:01.437 INFO [main] org.apache.catalina.startup.VersionLoggerListener.log Command line argument: -Djava.util.logging.config.file=F:\IGDMWebapplication\apache-tomcat-8.0.18\conf\logging.properties
20-Feb-2015 11:02:01.438 INFO [main] org.apache.catalina.startup.VersionLoggerListener.log Command line argument: -Djava.util.logging.manager=org.apache.juli.ClassLoaderLogManager
20-Feb-2015 11:02:01.438 INFO [main] org.apache.catalina.startup.VersionLoggerListener.log Command line argument: -Djava.endorsed.dirs=F:\IGDMWebapplication\apache-tomcat-8.0.18\endorsed
20-Feb-2015 11:02:01.439 INFO [main] org.apache.catalina.startup.VersionLoggerListener.log Command line argument: -Dcatalina.base=F:\IGDMWebapplication\apache-tomcat-8.0.18
20-Feb-2015 11:02:01.439 INFO [main] org.apache.catalina.startup.VersionLoggerListener.log Command line argument: -Dcatalina.home=F:\IGDMWebapplication\apache-tomcat-8.0.18
20-Feb-2015 11:02:01.439 INFO [main] org.apache.catalina.startup.VersionLoggerListener.log Command line argument: -Djava.io.tmpdir=F:\IGDMWebapplication\apache-tomcat-8.0.18\temp
20-Feb-2015 11:02:01.440 INFO [main] org.apache.catalina.core.AprLifecycleListener.lifecycleEvent The APR based Apache Tomcat Native library which allows optimal performance in production environments was not found on the java.library.path: C:\Program Files (x86)\Java\jdk1.7.0_75\bin;C:\Windows\Sun\Java\bin;C:\Windows\system32;C:\Windows;C:\Program Files (x86)\NVIDIA Corporation\PhysX\Common;C:\Program Files\Common Files\Microsoft Shared\Windows Live;C:\Program Files (x86)\Common Files\Microsoft Shared\Windows Live;C:\Program Files\Common Files\Microsoft Shared\Microsoft Online Services;C:\Program Files (x86)\Common Files\Microsoft Shared\Microsoft Online Services;C:\Program Files (x86)\ImageMagick-6.8.7-Q16;C:\PROGRAM FILES (X86)\INTEL\ICLS CLIENT\;C:\PROGRAM FILES\INTEL\ICLS CLIENT\;C:\Windows\SYSTEM32;C:\Windows;C:\Windows\SYSTEM32\WBEM;C:\Windows\SYSTEM32\WINDOWSPOWERSHELL\V1.0\;C:\PROGRAM FILES (X86)\MICROSOFT SQL SERVER\100\TOOLS\BINN\;C:\PROGRAM FILES\MICROSOFT SQL SERVER\100\TOOLS\BINN\;C:\PROGRAM FILES\MICROSOFT SQL SERVER\100\DTS\BINN\;C:\PROGRAM FILES (X86)\INTEL\OPENCL SDK\2.0\BIN\X86;C:\PROGRAM FILES (X86)\INTEL\OPENCL SDK\2.0\BIN\X64;C:\PROGRAM FILES\INTEL\INTEL(R) MANAGEMENT ENGINE COMPONENTS\DAL;C:\PROGRAM FILES\INTEL\INTEL(R) MANAGEMENT ENGINE COMPONENTS\IPT;C:\PROGRAM FILES (X86)\INTEL\INTEL(R) MANAGEMENT ENGINE COMPONENTS\DAL;C:\PROGRAM FILES (X86)\INTEL\INTEL(R) MANAGEMENT ENGINE COMPONENTS\IPT;C:\Program Files\Lenovo\Bluetooth Software\;C:\Program Files\Lenovo\Bluetooth Software\syswow64;C:\Program Files (x86)\Intel\OpenCL SDK\2.0\bin\x86;C:\Program Files (x86)\Intel\OpenCL SDK\2.0\bin\x64;C:\Program Files\TortoiseSVN\bin;C:\Program Files (x86)\MATLAB\R2013a\runtime\win32;C:\Program Files (x86)\MATLAB\R2013a\bin;C:\Program Files\MATLAB\R2013a\runtime\win64;C:\Program Files\MATLAB\R2013a\bin;C:\Program Files\MATLAB\MATLAB Compiler Runtime\v81\runtime\win64;C:\Program Files (x86)\Microsoft SQL Server\90\Tools\binn\;C:\Program Files\Microsoft\Web Platform Installer\;C:\Program Files\nodejs\;C:\Program Files (x86)\Windows Live\Shared;C:\Ruby193\bin;C:\Program Files (x86)\IDM Computer Solutions\UltraCompare\;C:\Program Files (x86)\SSH Communications Security\SSH Secure Shell;C:\Users\xiaodongsun\AppData\Roaming\npm;C:\Python27\;C:\Program Files (x86)\Java\jdk1.7.0_75\bin;;.
20-Feb-2015 11:02:01.529 INFO [main] org.apache.coyote.AbstractProtocol.init Initializing ProtocolHandler ["http-nio-8080"]
20-Feb-2015 11:02:01.561 INFO [main] org.apache.tomcat.util.net.NioSelectorPool.getSharedSelector Using a shared selector for servlet write/read
20-Feb-2015 11:02:01.564 INFO [main] org.apache.coyote.AbstractProtocol.init Initializing ProtocolHandler ["ajp-nio-8009"]
20-Feb-2015 11:02:01.570 INFO [main] org.apache.tomcat.util.net.NioSelectorPool.getSharedSelector Using a shared selector for servlet write/read
20-Feb-2015 11:02:01.571 INFO [main] org.apache.catalina.startup.Catalina.load Initialization processed in 420 ms
20-Feb-2015 11:02:01.587 INFO [main] org.apache.catalina.core.StandardService.startInternal Starting service Catalina
20-Feb-2015 11:02:01.588 INFO [main] org.apache.catalina.core.StandardEngine.startInternal Starting Servlet Engine: Apache Tomcat/8.0.18
20-Feb-2015 11:02:01.595 INFO [localhost-startStop-1] org.apache.catalina.startup.HostConfig.deployDirectory Deploying web application directory F:\IGDMWebapplication\apache-tomcat-8.0.18\webapps\docs
20-Feb-2015 11:02:02.613 INFO [localhost-startStop-1] org.apache.catalina.util.SessionIdGeneratorBase.createSecureRandom Creation of SecureRandom instance for session ID generation using [SHA1PRNG] took [848] milliseconds.
20-Feb-2015 11:02:02.628 INFO [localhost-startStop-1] org.apache.catalina.startup.HostConfig.deployDirectory Deployment of web application directory F:\IGDMWebapplication\apache-tomcat-8.0.18\webapps\docs has finished in 1,033 ms
20-Feb-2015 11:02:02.629 INFO [localhost-startStop-1] org.apache.catalina.startup.HostConfig.deployDirectory Deploying web application directory F:\IGDMWebapplication\apache-tomcat-8.0.18\webapps\examples
20-Feb-2015 11:02:03.457 INFO [localhost-startStop-1] org.apache.catalina.startup.HostConfig.deployDirectory Deployment of web application directory F:\IGDMWebapplication\apache-tomcat-8.0.18\webapps\examples has finished in 827 ms
20-Feb-2015 11:02:03.457 INFO [localhost-startStop-1] org.apache.catalina.startup.HostConfig.deployDirectory Deploying web application directory F:\IGDMWebapplication\apache-tomcat-8.0.18\webapps\host-manager
20-Feb-2015 11:02:03.478 INFO [localhost-startStop-1] org.apache.catalina.startup.HostConfig.deployDirectory Deployment of web application directory F:\IGDMWebapplication\apache-tomcat-8.0.18\webapps\host-manager has finished in 21 ms
20-Feb-2015 11:02:03.479 INFO [localhost-startStop-1] org.apache.catalina.startup.HostConfig.deployDirectory Deploying web application directory F:\IGDMWebapplication\apache-tomcat-8.0.18\webapps\manager
20-Feb-2015 11:02:03.505 INFO [localhost-startStop-1] org.apache.catalina.startup.HostConfig.deployDirectory Deployment of web application directory F:\IGDMWebapplication\apache-tomcat-8.0.18\webapps\manager has finished in 25 ms
20-Feb-2015 11:02:03.505 INFO [localhost-startStop-1] org.apache.catalina.startup.HostConfig.deployDirectory Deploying web application directory F:\IGDMWebapplication\apache-tomcat-8.0.18\webapps\ROOT
20-Feb-2015 11:02:04.174 INFO [localhost-startStop-1] org.apache.catalina.startup.HostConfig.deployDirectory Deployment of web application directory F:\IGDMWebapplication\apache-tomcat-8.0.18\webapps\ROOT has finished in 669 ms
20-Feb-2015 11:02:04.176 INFO [main] org.apache.coyote.AbstractProtocol.start Starting ProtocolHandler ["http-nio-8080"]
20-Feb-2015 11:02:04.182 INFO [main] org.apache.coyote.AbstractProtocol.start Starting ProtocolHandler ["ajp-nio-8009"]
20-Feb-2015 11:02:04.184 INFO [main] org.apache.catalina.startup.Catalina.start Server startup in 2612 ms
20-Feb-2015 12:01:18.693 INFO [main] org.apache.catalina.core.StandardServer.await A valid shutdown command was received via the shutdown port. Stopping the Server instance.
20-Feb-2015 12:01:18.694 INFO [main] org.apache.coyote.AbstractProtocol.pause Pausing ProtocolHandler ["http-nio-8080"]
20-Feb-2015 12:01:18.748 INFO [main] org.apache.coyote.AbstractProtocol.pause Pausing ProtocolHandler ["ajp-nio-8009"]
20-Feb-2015 12:01:18.800 INFO [main] org.apache.catalina.core.StandardService.stopInternal Stopping service Catalina
20-Feb-2015 12:01:18.844 INFO [main] org.apache.coyote.AbstractProtocol.stop Stopping ProtocolHandler ["http-nio-8080"]
20-Feb-2015 12:01:18.846 INFO [main] org.apache.coyote.AbstractProtocol.stop Stopping ProtocolHandler ["ajp-nio-8009"]
20-Feb-2015 12:01:18.847 INFO [main] org.apache.coyote.AbstractProtocol.destroy Destroying ProtocolHandler ["http-nio-8080"]
20-Feb-2015 12:01:18.848 INFO [main] org.apache.coyote.AbstractProtocol.destroy Destroying ProtocolHandler ["ajp-nio-8009"]
