08-Feb-2015 21:50:30.220 INFO [main] org.apache.catalina.startup.VersionLoggerListener.log Server version:        Apache Tomcat/8.0.18
08-Feb-2015 21:50:30.230 INFO [main] org.apache.catalina.startup.VersionLoggerListener.log Server built:          Jan 23 2015 11:56:07 UTC
08-Feb-2015 21:50:30.230 INFO [main] org.apache.catalina.startup.VersionLoggerListener.log Server number:         8.0.18.0
08-Feb-2015 21:50:30.230 INFO [main] org.apache.catalina.startup.VersionLoggerListener.log OS Name:               Windows 7
08-Feb-2015 21:50:30.230 INFO [main] org.apache.catalina.startup.VersionLoggerListener.log OS Version:            6.1
08-Feb-2015 21:50:30.230 INFO [main] org.apache.catalina.startup.VersionLoggerListener.log Architecture:          x86
08-Feb-2015 21:50:30.230 INFO [main] org.apache.catalina.startup.VersionLoggerListener.log Java Home:             C:\Program Files (x86)\Java\jdk1.7.0_75\jre
08-Feb-2015 21:50:30.230 INFO [main] org.apache.catalina.startup.VersionLoggerListener.log JVM Version:           1.7.0_75-b13
08-Feb-2015 21:50:30.230 INFO [main] org.apache.catalina.startup.VersionLoggerListener.log JVM Vendor:            Oracle Corporation
08-Feb-2015 21:50:30.230 INFO [main] org.apache.catalina.startup.VersionLoggerListener.log CATALINA_BASE:         F:\IGDMWebapplication\apache-tomcat-8.0.18
08-Feb-2015 21:50:30.230 INFO [main] org.apache.catalina.startup.VersionLoggerListener.log CATALINA_HOME:         F:\IGDMWebapplication\apache-tomcat-8.0.18
08-Feb-2015 21:50:30.250 INFO [main] org.apache.catalina.startup.VersionLoggerListener.log Command line argument: -Djava.util.logging.config.file=F:\IGDMWebapplication\apache-tomcat-8.0.18\conf\logging.properties
08-Feb-2015 21:50:30.250 INFO [main] org.apache.catalina.startup.VersionLoggerListener.log Command line argument: -Djava.util.logging.manager=org.apache.juli.ClassLoaderLogManager
08-Feb-2015 21:50:30.260 INFO [main] org.apache.catalina.startup.VersionLoggerListener.log Command line argument: -Djava.endorsed.dirs=F:\IGDMWebapplication\apache-tomcat-8.0.18\endorsed
08-Feb-2015 21:50:30.260 INFO [main] org.apache.catalina.startup.VersionLoggerListener.log Command line argument: -Dcatalina.base=F:\IGDMWebapplication\apache-tomcat-8.0.18
08-Feb-2015 21:50:30.260 INFO [main] org.apache.catalina.startup.VersionLoggerListener.log Command line argument: -Dcatalina.home=F:\IGDMWebapplication\apache-tomcat-8.0.18
08-Feb-2015 21:50:30.260 INFO [main] org.apache.catalina.startup.VersionLoggerListener.log Command line argument: -Djava.io.tmpdir=F:\IGDMWebapplication\apache-tomcat-8.0.18\temp
08-Feb-2015 21:50:30.260 INFO [main] org.apache.catalina.core.AprLifecycleListener.lifecycleEvent The APR based Apache Tomcat Native library which allows optimal performance in production environments was not found on the java.library.path: C:\Program Files (x86)\Java\jdk1.7.0_75\bin;C:\Windows\Sun\Java\bin;C:\Windows\system32;C:\Windows;C:\Program Files\Common Files\Microsoft Shared\Microsoft Online Services;C:\Program Files (x86)\Common Files\Microsoft Shared\Microsoft Online Services;C:\Program Files (x86)\ImageMagick-6.8.7-Q16;C:\PROGRAM FILES (X86)\INTEL\ICLS CLIENT\;C:\PROGRAM FILES\INTEL\ICLS CLIENT\;C:\PROGRAM FILES (X86)\NVIDIA CORPORATION\PHYSX\COMMON;C:\Windows\SYSTEM32;C:\Windows;C:\Windows\SYSTEM32\WBEM;C:\Windows\SYSTEM32\WINDOWSPOWERSHELL\V1.0\;C:\PROGRAM FILES (X86)\MICROSOFT SQL SERVER\100\TOOLS\BINN\;C:\PROGRAM FILES\MICROSOFT SQL SERVER\100\TOOLS\BINN\;C:\PROGRAM FILES\MICROSOFT SQL SERVER\100\DTS\BINN\;C:\PROGRAM FILES (X86)\INTEL\OPENCL SDK\2.0\BIN\X86;C:\PROGRAM FILES (X86)\INTEL\OPENCL SDK\2.0\BIN\X64;C:\PROGRAM FILES\INTEL\INTEL(R) MANAGEMENT ENGINE COMPONENTS\DAL;C:\PROGRAM FILES\INTEL\INTEL(R) MANAGEMENT ENGINE COMPONENTS\IPT;C:\PROGRAM FILES (X86)\INTEL\INTEL(R) MANAGEMENT ENGINE COMPONENTS\DAL;C:\PROGRAM FILES (X86)\INTEL\INTEL(R) MANAGEMENT ENGINE COMPONENTS\IPT;C:\Program Files\Lenovo\Bluetooth Software\;C:\Program Files\Lenovo\Bluetooth Software\syswow64;C:\Program Files (x86)\Intel\OpenCL SDK\2.0\bin\x86;C:\Program Files (x86)\Intel\OpenCL SDK\2.0\bin\x64;C:\Program Files\TortoiseSVN\bin;C:\Program Files (x86)\MATLAB\R2013a\runtime\win32;C:\Program Files (x86)\MATLAB\R2013a\bin;C:\Program Files\MATLAB\R2013a\runtime\win64;C:\Program Files\MATLAB\R2013a\bin;C:\Program Files\MATLAB\MATLAB Compiler Runtime\v81\runtime\win64;C:\Program Files (x86)\Microsoft SQL Server\90\Tools\binn\;C:\Program Files\Microsoft\Web Platform Installer\;C:\Program Files\nodejs\;C:\Ruby193\bin;C:\Program Files (x86)\IDM Computer Solutions\UltraCompare\;C:\Program Files (x86)\SSH Communications Security\SSH Secure Shell;C:\Users\xiaodongsun\AppData\Roaming\npm;C:\Python27\;C:\Program Files (x86)\Java\jdk1.7.0_75\bin;;.
08-Feb-2015 21:50:31.790 INFO [main] org.apache.coyote.AbstractProtocol.init Initializing ProtocolHandler ["http-nio-8080"]
08-Feb-2015 21:50:31.880 INFO [main] org.apache.tomcat.util.net.NioSelectorPool.getSharedSelector Using a shared selector for servlet write/read
08-Feb-2015 21:50:31.910 INFO [main] org.apache.coyote.AbstractProtocol.init Initializing ProtocolHandler ["ajp-nio-8009"]
08-Feb-2015 21:50:31.940 INFO [main] org.apache.tomcat.util.net.NioSelectorPool.getSharedSelector Using a shared selector for servlet write/read
08-Feb-2015 21:50:31.950 INFO [main] org.apache.catalina.startup.Catalina.load Initialization processed in 3687 ms
08-Feb-2015 21:50:32.100 INFO [main] org.apache.catalina.core.StandardService.startInternal Starting service Catalina
08-Feb-2015 21:50:32.100 INFO [main] org.apache.catalina.core.StandardEngine.startInternal Starting Servlet Engine: Apache Tomcat/8.0.18
08-Feb-2015 21:50:32.130 INFO [localhost-startStop-1] org.apache.catalina.startup.HostConfig.deployDirectory Deploying web application directory F:\IGDMWebapplication\apache-tomcat-8.0.18\webapps\docs
08-Feb-2015 21:50:33.940 INFO [localhost-startStop-1] org.apache.catalina.util.SessionIdGeneratorBase.createSecureRandom Creation of SecureRandom instance for session ID generation using [SHA1PRNG] took [930] milliseconds.
08-Feb-2015 21:50:34.030 INFO [localhost-startStop-1] org.apache.catalina.startup.HostConfig.deployDirectory Deployment of web application directory F:\IGDMWebapplication\apache-tomcat-8.0.18\webapps\docs has finished in 1,900 ms
08-Feb-2015 21:50:34.030 INFO [localhost-startStop-1] org.apache.catalina.startup.HostConfig.deployDirectory Deploying web application directory F:\IGDMWebapplication\apache-tomcat-8.0.18\webapps\examples
08-Feb-2015 21:50:37.590 INFO [localhost-startStop-1] org.apache.catalina.startup.HostConfig.deployDirectory Deployment of web application directory F:\IGDMWebapplication\apache-tomcat-8.0.18\webapps\examples has finished in 3,560 ms
08-Feb-2015 21:50:37.590 INFO [localhost-startStop-1] org.apache.catalina.startup.HostConfig.deployDirectory Deploying web application directory F:\IGDMWebapplication\apache-tomcat-8.0.18\webapps\host-manager
08-Feb-2015 21:50:37.640 INFO [localhost-startStop-1] org.apache.catalina.startup.HostConfig.deployDirectory Deployment of web application directory F:\IGDMWebapplication\apache-tomcat-8.0.18\webapps\host-manager has finished in 50 ms
08-Feb-2015 21:50:37.640 INFO [localhost-startStop-1] org.apache.catalina.startup.HostConfig.deployDirectory Deploying web application directory F:\IGDMWebapplication\apache-tomcat-8.0.18\webapps\manager
08-Feb-2015 21:50:37.680 INFO [localhost-startStop-1] org.apache.catalina.startup.HostConfig.deployDirectory Deployment of web application directory F:\IGDMWebapplication\apache-tomcat-8.0.18\webapps\manager has finished in 40 ms
08-Feb-2015 21:50:37.680 INFO [localhost-startStop-1] org.apache.catalina.startup.HostConfig.deployDirectory Deploying web application directory F:\IGDMWebapplication\apache-tomcat-8.0.18\webapps\ROOT
08-Feb-2015 21:50:37.730 INFO [localhost-startStop-1] org.apache.catalina.startup.HostConfig.deployDirectory Deployment of web application directory F:\IGDMWebapplication\apache-tomcat-8.0.18\webapps\ROOT has finished in 50 ms
08-Feb-2015 21:50:37.730 INFO [main] org.apache.coyote.AbstractProtocol.start Starting ProtocolHandler ["http-nio-8080"]
08-Feb-2015 21:50:37.740 INFO [main] org.apache.coyote.AbstractProtocol.start Starting ProtocolHandler ["ajp-nio-8009"]
08-Feb-2015 21:50:37.740 INFO [main] org.apache.catalina.startup.Catalina.start Server startup in 5797 ms
08-Feb-2015 22:10:13.557 INFO [main] org.apache.catalina.core.StandardServer.await A valid shutdown command was received via the shutdown port. Stopping the Server instance.
08-Feb-2015 22:10:13.557 INFO [main] org.apache.coyote.AbstractProtocol.pause Pausing ProtocolHandler ["http-nio-8080"]
08-Feb-2015 22:10:13.617 INFO [main] org.apache.coyote.AbstractProtocol.pause Pausing ProtocolHandler ["ajp-nio-8009"]
08-Feb-2015 22:10:13.667 INFO [main] org.apache.catalina.core.StandardService.stopInternal Stopping service Catalina
08-Feb-2015 22:10:13.827 INFO [main] org.apache.coyote.AbstractProtocol.stop Stopping ProtocolHandler ["http-nio-8080"]
08-Feb-2015 22:10:13.917 INFO [main] org.apache.coyote.AbstractProtocol.stop Stopping ProtocolHandler ["ajp-nio-8009"]
08-Feb-2015 22:10:13.917 INFO [main] org.apache.coyote.AbstractProtocol.destroy Destroying ProtocolHandler ["http-nio-8080"]
08-Feb-2015 22:10:13.917 INFO [main] org.apache.coyote.AbstractProtocol.destroy Destroying ProtocolHandler ["ajp-nio-8009"]
