19-Feb-2015 11:44:33.258 INFO [main] org.apache.catalina.startup.VersionLoggerListener.log Server version:        Apache Tomcat/8.0.18
19-Feb-2015 11:44:33.260 INFO [main] org.apache.catalina.startup.VersionLoggerListener.log Server built:          Jan 23 2015 11:56:07 UTC
19-Feb-2015 11:44:33.260 INFO [main] org.apache.catalina.startup.VersionLoggerListener.log Server number:         8.0.18.0
19-Feb-2015 11:44:33.262 INFO [main] org.apache.catalina.startup.VersionLoggerListener.log OS Name:               Windows 7
19-Feb-2015 11:44:33.262 INFO [main] org.apache.catalina.startup.VersionLoggerListener.log OS Version:            6.1
19-Feb-2015 11:44:33.263 INFO [main] org.apache.catalina.startup.VersionLoggerListener.log Architecture:          x86
19-Feb-2015 11:44:33.263 INFO [main] org.apache.catalina.startup.VersionLoggerListener.log Java Home:             C:\Program Files (x86)\Java\jdk1.7.0_75\jre
19-Feb-2015 11:44:33.263 INFO [main] org.apache.catalina.startup.VersionLoggerListener.log JVM Version:           1.7.0_75-b13
19-Feb-2015 11:44:33.264 INFO [main] org.apache.catalina.startup.VersionLoggerListener.log JVM Vendor:            Oracle Corporation
19-Feb-2015 11:44:33.264 INFO [main] org.apache.catalina.startup.VersionLoggerListener.log CATALINA_BASE:         F:\IGDMWebapplication\apache-tomcat-8.0.18
19-Feb-2015 11:44:33.264 INFO [main] org.apache.catalina.startup.VersionLoggerListener.log CATALINA_HOME:         F:\IGDMWebapplication\apache-tomcat-8.0.18
19-Feb-2015 11:44:33.307 INFO [main] org.apache.catalina.startup.VersionLoggerListener.log Command line argument: -Djava.util.logging.config.file=F:\IGDMWebapplication\apache-tomcat-8.0.18\conf\logging.properties
19-Feb-2015 11:44:33.307 INFO [main] org.apache.catalina.startup.VersionLoggerListener.log Command line argument: -Djava.util.logging.manager=org.apache.juli.ClassLoaderLogManager
19-Feb-2015 11:44:33.309 INFO [main] org.apache.catalina.startup.VersionLoggerListener.log Command line argument: -Djava.endorsed.dirs=F:\IGDMWebapplication\apache-tomcat-8.0.18\endorsed
19-Feb-2015 11:44:33.311 INFO [main] org.apache.catalina.startup.VersionLoggerListener.log Command line argument: -Dcatalina.base=F:\IGDMWebapplication\apache-tomcat-8.0.18
19-Feb-2015 11:44:33.312 INFO [main] org.apache.catalina.startup.VersionLoggerListener.log Command line argument: -Dcatalina.home=F:\IGDMWebapplication\apache-tomcat-8.0.18
19-Feb-2015 11:44:33.313 INFO [main] org.apache.catalina.startup.VersionLoggerListener.log Command line argument: -Djava.io.tmpdir=F:\IGDMWebapplication\apache-tomcat-8.0.18\temp
19-Feb-2015 11:44:33.314 INFO [main] org.apache.catalina.core.AprLifecycleListener.lifecycleEvent The APR based Apache Tomcat Native library which allows optimal performance in production environments was not found on the java.library.path: C:\Program Files (x86)\Java\jdk1.7.0_75\bin;C:\Windows\Sun\Java\bin;C:\Windows\system32;C:\Windows;C:\Program Files (x86)\NVIDIA Corporation\PhysX\Common;C:\Program Files\Common Files\Microsoft Shared\Windows Live;C:\Program Files (x86)\Common Files\Microsoft Shared\Windows Live;C:\Program Files\Common Files\Microsoft Shared\Microsoft Online Services;C:\Program Files (x86)\Common Files\Microsoft Shared\Microsoft Online Services;C:\Program Files (x86)\ImageMagick-6.8.7-Q16;C:\PROGRAM FILES (X86)\INTEL\ICLS CLIENT\;C:\PROGRAM FILES\INTEL\ICLS CLIENT\;C:\Windows\SYSTEM32;C:\Windows;C:\Windows\SYSTEM32\WBEM;C:\Windows\SYSTEM32\WINDOWSPOWERSHELL\V1.0\;C:\PROGRAM FILES (X86)\MICROSOFT SQL SERVER\100\TOOLS\BINN\;C:\PROGRAM FILES\MICROSOFT SQL SERVER\100\TOOLS\BINN\;C:\PROGRAM FILES\MICROSOFT SQL SERVER\100\DTS\BINN\;C:\PROGRAM FILES (X86)\INTEL\OPENCL SDK\2.0\BIN\X86;C:\PROGRAM FILES (X86)\INTEL\OPENCL SDK\2.0\BIN\X64;C:\PROGRAM FILES\INTEL\INTEL(R) MANAGEMENT ENGINE COMPONENTS\DAL;C:\PROGRAM FILES\INTEL\INTEL(R) MANAGEMENT ENGINE COMPONENTS\IPT;C:\PROGRAM FILES (X86)\INTEL\INTEL(R) MANAGEMENT ENGINE COMPONENTS\DAL;C:\PROGRAM FILES (X86)\INTEL\INTEL(R) MANAGEMENT ENGINE COMPONENTS\IPT;C:\Program Files\Lenovo\Bluetooth Software\;C:\Program Files\Lenovo\Bluetooth Software\syswow64;C:\Program Files (x86)\Intel\OpenCL SDK\2.0\bin\x86;C:\Program Files (x86)\Intel\OpenCL SDK\2.0\bin\x64;C:\Program Files\TortoiseSVN\bin;C:\Program Files (x86)\MATLAB\R2013a\runtime\win32;C:\Program Files (x86)\MATLAB\R2013a\bin;C:\Program Files\MATLAB\R2013a\runtime\win64;C:\Program Files\MATLAB\R2013a\bin;C:\Program Files\MATLAB\MATLAB Compiler Runtime\v81\runtime\win64;C:\Program Files (x86)\Microsoft SQL Server\90\Tools\binn\;C:\Program Files\Microsoft\Web Platform Installer\;C:\Program Files\nodejs\;C:\Program Files (x86)\Windows Live\Shared;C:\Ruby193\bin;C:\Program Files (x86)\IDM Computer Solutions\UltraCompare\;C:\Program Files (x86)\SSH Communications Security\SSH Secure Shell;C:\Users\xiaodongsun\AppData\Roaming\npm;C:\Python27\;C:\Program Files (x86)\Java\jdk1.7.0_75\bin;;.
19-Feb-2015 11:44:34.380 INFO [main] org.apache.coyote.AbstractProtocol.init Initializing ProtocolHandler ["http-nio-8080"]
19-Feb-2015 11:44:34.507 INFO [main] org.apache.tomcat.util.net.NioSelectorPool.getSharedSelector Using a shared selector for servlet write/read
19-Feb-2015 11:44:34.540 INFO [main] org.apache.coyote.AbstractProtocol.init Initializing ProtocolHandler ["ajp-nio-8009"]
19-Feb-2015 11:44:34.555 INFO [main] org.apache.tomcat.util.net.NioSelectorPool.getSharedSelector Using a shared selector for servlet write/read
19-Feb-2015 11:44:34.556 INFO [main] org.apache.catalina.startup.Catalina.load Initialization processed in 3006 ms
19-Feb-2015 11:44:34.694 INFO [main] org.apache.catalina.core.StandardService.startInternal Starting service Catalina
19-Feb-2015 11:44:34.694 INFO [main] org.apache.catalina.core.StandardEngine.startInternal Starting Servlet Engine: Apache Tomcat/8.0.18
19-Feb-2015 11:44:34.850 INFO [localhost-startStop-1] org.apache.catalina.startup.HostConfig.deployDirectory Deploying web application directory F:\IGDMWebapplication\apache-tomcat-8.0.18\webapps\docs
19-Feb-2015 11:44:36.857 INFO [localhost-startStop-1] org.apache.catalina.util.SessionIdGeneratorBase.createSecureRandom Creation of SecureRandom instance for session ID generation using [SHA1PRNG] took [780] milliseconds.
19-Feb-2015 11:44:36.931 INFO [localhost-startStop-1] org.apache.catalina.startup.HostConfig.deployDirectory Deployment of web application directory F:\IGDMWebapplication\apache-tomcat-8.0.18\webapps\docs has finished in 2,081 ms
19-Feb-2015 11:44:36.931 INFO [localhost-startStop-1] org.apache.catalina.startup.HostConfig.deployDirectory Deploying web application directory F:\IGDMWebapplication\apache-tomcat-8.0.18\webapps\examples
19-Feb-2015 11:44:40.519 INFO [localhost-startStop-1] org.apache.catalina.startup.HostConfig.deployDirectory Deployment of web application directory F:\IGDMWebapplication\apache-tomcat-8.0.18\webapps\examples has finished in 3,588 ms
19-Feb-2015 11:44:40.519 INFO [localhost-startStop-1] org.apache.catalina.startup.HostConfig.deployDirectory Deploying web application directory F:\IGDMWebapplication\apache-tomcat-8.0.18\webapps\host-manager
19-Feb-2015 11:44:40.572 INFO [localhost-startStop-1] org.apache.catalina.startup.HostConfig.deployDirectory Deployment of web application directory F:\IGDMWebapplication\apache-tomcat-8.0.18\webapps\host-manager has finished in 53 ms
19-Feb-2015 11:44:40.573 INFO [localhost-startStop-1] org.apache.catalina.startup.HostConfig.deployDirectory Deploying web application directory F:\IGDMWebapplication\apache-tomcat-8.0.18\webapps\manager
19-Feb-2015 11:44:40.597 INFO [localhost-startStop-1] org.apache.catalina.startup.HostConfig.deployDirectory Deployment of web application directory F:\IGDMWebapplication\apache-tomcat-8.0.18\webapps\manager has finished in 25 ms
19-Feb-2015 11:44:40.597 INFO [localhost-startStop-1] org.apache.catalina.startup.HostConfig.deployDirectory Deploying web application directory F:\IGDMWebapplication\apache-tomcat-8.0.18\webapps\ROOT
19-Feb-2015 11:44:41.881 INFO [localhost-startStop-1] org.apache.catalina.startup.HostConfig.deployDirectory Deployment of web application directory F:\IGDMWebapplication\apache-tomcat-8.0.18\webapps\ROOT has finished in 1,284 ms
19-Feb-2015 11:44:41.883 INFO [main] org.apache.coyote.AbstractProtocol.start Starting ProtocolHandler ["http-nio-8080"]
19-Feb-2015 11:44:41.905 INFO [main] org.apache.coyote.AbstractProtocol.start Starting ProtocolHandler ["ajp-nio-8009"]
19-Feb-2015 11:44:41.906 INFO [main] org.apache.catalina.startup.Catalina.start Server startup in 7348 ms
19-Feb-2015 15:40:24.192 INFO [main] org.apache.catalina.core.StandardServer.await A valid shutdown command was received via the shutdown port. Stopping the Server instance.
19-Feb-2015 15:40:24.194 INFO [main] org.apache.coyote.AbstractProtocol.pause Pausing ProtocolHandler ["http-nio-8080"]
19-Feb-2015 15:40:24.255 INFO [main] org.apache.coyote.AbstractProtocol.pause Pausing ProtocolHandler ["ajp-nio-8009"]
19-Feb-2015 15:40:24.306 INFO [main] org.apache.catalina.core.StandardService.stopInternal Stopping service Catalina
19-Feb-2015 15:40:24.411 INFO [main] org.apache.coyote.AbstractProtocol.stop Stopping ProtocolHandler ["http-nio-8080"]
19-Feb-2015 15:40:24.413 INFO [main] org.apache.coyote.AbstractProtocol.stop Stopping ProtocolHandler ["ajp-nio-8009"]
19-Feb-2015 15:40:24.415 INFO [main] org.apache.coyote.AbstractProtocol.destroy Destroying ProtocolHandler ["http-nio-8080"]
19-Feb-2015 15:40:24.416 INFO [main] org.apache.coyote.AbstractProtocol.destroy Destroying ProtocolHandler ["ajp-nio-8009"]
19-Feb-2015 15:40:27.462 INFO [main] org.apache.catalina.startup.VersionLoggerListener.log Server version:        Apache Tomcat/8.0.18
19-Feb-2015 15:40:27.463 INFO [main] org.apache.catalina.startup.VersionLoggerListener.log Server built:          Jan 23 2015 11:56:07 UTC
19-Feb-2015 15:40:27.463 INFO [main] org.apache.catalina.startup.VersionLoggerListener.log Server number:         8.0.18.0
19-Feb-2015 15:40:27.464 INFO [main] org.apache.catalina.startup.VersionLoggerListener.log OS Name:               Windows 7
19-Feb-2015 15:40:27.464 INFO [main] org.apache.catalina.startup.VersionLoggerListener.log OS Version:            6.1
19-Feb-2015 15:40:27.464 INFO [main] org.apache.catalina.startup.VersionLoggerListener.log Architecture:          x86
19-Feb-2015 15:40:27.464 INFO [main] org.apache.catalina.startup.VersionLoggerListener.log Java Home:             C:\Program Files (x86)\Java\jdk1.7.0_75\jre
19-Feb-2015 15:40:27.464 INFO [main] org.apache.catalina.startup.VersionLoggerListener.log JVM Version:           1.7.0_75-b13
19-Feb-2015 15:40:27.464 INFO [main] org.apache.catalina.startup.VersionLoggerListener.log JVM Vendor:            Oracle Corporation
19-Feb-2015 15:40:27.464 INFO [main] org.apache.catalina.startup.VersionLoggerListener.log CATALINA_BASE:         F:\IGDMWebapplication\apache-tomcat-8.0.18
19-Feb-2015 15:40:27.465 INFO [main] org.apache.catalina.startup.VersionLoggerListener.log CATALINA_HOME:         F:\IGDMWebapplication\apache-tomcat-8.0.18
19-Feb-2015 15:40:27.465 INFO [main] org.apache.catalina.startup.VersionLoggerListener.log Command line argument: -Djava.util.logging.config.file=F:\IGDMWebapplication\apache-tomcat-8.0.18\conf\logging.properties
19-Feb-2015 15:40:27.465 INFO [main] org.apache.catalina.startup.VersionLoggerListener.log Command line argument: -Djava.util.logging.manager=org.apache.juli.ClassLoaderLogManager
19-Feb-2015 15:40:27.466 INFO [main] org.apache.catalina.startup.VersionLoggerListener.log Command line argument: -Djava.endorsed.dirs=F:\IGDMWebapplication\apache-tomcat-8.0.18\endorsed
19-Feb-2015 15:40:27.466 INFO [main] org.apache.catalina.startup.VersionLoggerListener.log Command line argument: -Dcatalina.base=F:\IGDMWebapplication\apache-tomcat-8.0.18
19-Feb-2015 15:40:27.466 INFO [main] org.apache.catalina.startup.VersionLoggerListener.log Command line argument: -Dcatalina.home=F:\IGDMWebapplication\apache-tomcat-8.0.18
19-Feb-2015 15:40:27.467 INFO [main] org.apache.catalina.startup.VersionLoggerListener.log Command line argument: -Djava.io.tmpdir=F:\IGDMWebapplication\apache-tomcat-8.0.18\temp
19-Feb-2015 15:40:27.467 INFO [main] org.apache.catalina.core.AprLifecycleListener.lifecycleEvent The APR based Apache Tomcat Native library which allows optimal performance in production environments was not found on the java.library.path: C:\Program Files (x86)\Java\jdk1.7.0_75\bin;C:\Windows\Sun\Java\bin;C:\Windows\system32;C:\Windows;C:\Program Files (x86)\NVIDIA Corporation\PhysX\Common;C:\Program Files\Common Files\Microsoft Shared\Windows Live;C:\Program Files (x86)\Common Files\Microsoft Shared\Windows Live;C:\Program Files\Common Files\Microsoft Shared\Microsoft Online Services;C:\Program Files (x86)\Common Files\Microsoft Shared\Microsoft Online Services;C:\Program Files (x86)\ImageMagick-6.8.7-Q16;C:\PROGRAM FILES (X86)\INTEL\ICLS CLIENT\;C:\PROGRAM FILES\INTEL\ICLS CLIENT\;C:\Windows\SYSTEM32;C:\Windows;C:\Windows\SYSTEM32\WBEM;C:\Windows\SYSTEM32\WINDOWSPOWERSHELL\V1.0\;C:\PROGRAM FILES (X86)\MICROSOFT SQL SERVER\100\TOOLS\BINN\;C:\PROGRAM FILES\MICROSOFT SQL SERVER\100\TOOLS\BINN\;C:\PROGRAM FILES\MICROSOFT SQL SERVER\100\DTS\BINN\;C:\PROGRAM FILES (X86)\INTEL\OPENCL SDK\2.0\BIN\X86;C:\PROGRAM FILES (X86)\INTEL\OPENCL SDK\2.0\BIN\X64;C:\PROGRAM FILES\INTEL\INTEL(R) MANAGEMENT ENGINE COMPONENTS\DAL;C:\PROGRAM FILES\INTEL\INTEL(R) MANAGEMENT ENGINE COMPONENTS\IPT;C:\PROGRAM FILES (X86)\INTEL\INTEL(R) MANAGEMENT ENGINE COMPONENTS\DAL;C:\PROGRAM FILES (X86)\INTEL\INTEL(R) MANAGEMENT ENGINE COMPONENTS\IPT;C:\Program Files\Lenovo\Bluetooth Software\;C:\Program Files\Lenovo\Bluetooth Software\syswow64;C:\Program Files (x86)\Intel\OpenCL SDK\2.0\bin\x86;C:\Program Files (x86)\Intel\OpenCL SDK\2.0\bin\x64;C:\Program Files\TortoiseSVN\bin;C:\Program Files (x86)\MATLAB\R2013a\runtime\win32;C:\Program Files (x86)\MATLAB\R2013a\bin;C:\Program Files\MATLAB\R2013a\runtime\win64;C:\Program Files\MATLAB\R2013a\bin;C:\Program Files\MATLAB\MATLAB Compiler Runtime\v81\runtime\win64;C:\Program Files (x86)\Microsoft SQL Server\90\Tools\binn\;C:\Program Files\Microsoft\Web Platform Installer\;C:\Program Files\nodejs\;C:\Program Files (x86)\Windows Live\Shared;C:\Ruby193\bin;C:\Program Files (x86)\IDM Computer Solutions\UltraCompare\;C:\Program Files (x86)\SSH Communications Security\SSH Secure Shell;C:\Users\xiaodongsun\AppData\Roaming\npm;C:\Python27\;C:\Program Files (x86)\Java\jdk1.7.0_75\bin;;.
19-Feb-2015 15:40:27.562 INFO [main] org.apache.coyote.AbstractProtocol.init Initializing ProtocolHandler ["http-nio-8080"]
19-Feb-2015 15:40:27.586 INFO [main] org.apache.tomcat.util.net.NioSelectorPool.getSharedSelector Using a shared selector for servlet write/read
19-Feb-2015 15:40:27.588 INFO [main] org.apache.coyote.AbstractProtocol.init Initializing ProtocolHandler ["ajp-nio-8009"]
19-Feb-2015 15:40:27.593 INFO [main] org.apache.tomcat.util.net.NioSelectorPool.getSharedSelector Using a shared selector for servlet write/read
19-Feb-2015 15:40:27.594 INFO [main] org.apache.catalina.startup.Catalina.load Initialization processed in 414 ms
19-Feb-2015 15:40:27.610 INFO [main] org.apache.catalina.core.StandardService.startInternal Starting service Catalina
19-Feb-2015 15:40:27.610 INFO [main] org.apache.catalina.core.StandardEngine.startInternal Starting Servlet Engine: Apache Tomcat/8.0.18
19-Feb-2015 15:40:27.617 INFO [localhost-startStop-1] org.apache.catalina.startup.HostConfig.deployDirectory Deploying web application directory F:\IGDMWebapplication\apache-tomcat-8.0.18\webapps\docs
19-Feb-2015 15:40:28.528 INFO [localhost-startStop-1] org.apache.catalina.util.SessionIdGeneratorBase.createSecureRandom Creation of SecureRandom instance for session ID generation using [SHA1PRNG] took [732] milliseconds.
19-Feb-2015 15:40:28.549 INFO [localhost-startStop-1] org.apache.catalina.startup.HostConfig.deployDirectory Deployment of web application directory F:\IGDMWebapplication\apache-tomcat-8.0.18\webapps\docs has finished in 932 ms
19-Feb-2015 15:40:28.550 INFO [localhost-startStop-1] org.apache.catalina.startup.HostConfig.deployDirectory Deploying web application directory F:\IGDMWebapplication\apache-tomcat-8.0.18\webapps\examples
19-Feb-2015 15:40:29.373 INFO [localhost-startStop-1] org.apache.catalina.startup.HostConfig.deployDirectory Deployment of web application directory F:\IGDMWebapplication\apache-tomcat-8.0.18\webapps\examples has finished in 822 ms
19-Feb-2015 15:40:29.373 INFO [localhost-startStop-1] org.apache.catalina.startup.HostConfig.deployDirectory Deploying web application directory F:\IGDMWebapplication\apache-tomcat-8.0.18\webapps\host-manager
19-Feb-2015 15:40:29.393 INFO [localhost-startStop-1] org.apache.catalina.startup.HostConfig.deployDirectory Deployment of web application directory F:\IGDMWebapplication\apache-tomcat-8.0.18\webapps\host-manager has finished in 20 ms
19-Feb-2015 15:40:29.394 INFO [localhost-startStop-1] org.apache.catalina.startup.HostConfig.deployDirectory Deploying web application directory F:\IGDMWebapplication\apache-tomcat-8.0.18\webapps\manager
19-Feb-2015 15:40:29.421 INFO [localhost-startStop-1] org.apache.catalina.startup.HostConfig.deployDirectory Deployment of web application directory F:\IGDMWebapplication\apache-tomcat-8.0.18\webapps\manager has finished in 27 ms
19-Feb-2015 15:40:29.421 INFO [localhost-startStop-1] org.apache.catalina.startup.HostConfig.deployDirectory Deploying web application directory F:\IGDMWebapplication\apache-tomcat-8.0.18\webapps\ROOT
19-Feb-2015 15:40:30.261 INFO [localhost-startStop-1] org.apache.catalina.startup.HostConfig.deployDirectory Deployment of web application directory F:\IGDMWebapplication\apache-tomcat-8.0.18\webapps\ROOT has finished in 840 ms
19-Feb-2015 15:40:30.263 INFO [main] org.apache.coyote.AbstractProtocol.start Starting ProtocolHandler ["http-nio-8080"]
19-Feb-2015 15:40:30.269 INFO [main] org.apache.coyote.AbstractProtocol.start Starting ProtocolHandler ["ajp-nio-8009"]
19-Feb-2015 15:40:30.271 INFO [main] org.apache.catalina.startup.Catalina.start Server startup in 2676 ms
19-Feb-2015 15:49:57.373 INFO [main] org.apache.catalina.core.StandardServer.await A valid shutdown command was received via the shutdown port. Stopping the Server instance.
19-Feb-2015 15:49:57.374 INFO [main] org.apache.coyote.AbstractProtocol.pause Pausing ProtocolHandler ["http-nio-8080"]
19-Feb-2015 15:49:57.379 INFO [main] org.apache.coyote.AbstractProtocol.pause Pausing ProtocolHandler ["ajp-nio-8009"]
19-Feb-2015 15:49:57.430 INFO [main] org.apache.catalina.core.StandardService.stopInternal Stopping service Catalina
19-Feb-2015 15:49:57.478 INFO [main] org.apache.coyote.AbstractProtocol.stop Stopping ProtocolHandler ["http-nio-8080"]
19-Feb-2015 15:49:57.482 INFO [main] org.apache.coyote.AbstractProtocol.stop Stopping ProtocolHandler ["ajp-nio-8009"]
19-Feb-2015 15:49:57.523 INFO [main] org.apache.coyote.AbstractProtocol.destroy Destroying ProtocolHandler ["http-nio-8080"]
19-Feb-2015 15:49:57.525 INFO [main] org.apache.coyote.AbstractProtocol.destroy Destroying ProtocolHandler ["ajp-nio-8009"]
19-Feb-2015 15:50:01.630 INFO [main] org.apache.catalina.startup.VersionLoggerListener.log Server version:        Apache Tomcat/8.0.18
19-Feb-2015 15:50:01.631 INFO [main] org.apache.catalina.startup.VersionLoggerListener.log Server built:          Jan 23 2015 11:56:07 UTC
19-Feb-2015 15:50:01.632 INFO [main] org.apache.catalina.startup.VersionLoggerListener.log Server number:         8.0.18.0
19-Feb-2015 15:50:01.632 INFO [main] org.apache.catalina.startup.VersionLoggerListener.log OS Name:               Windows 7
19-Feb-2015 15:50:01.632 INFO [main] org.apache.catalina.startup.VersionLoggerListener.log OS Version:            6.1
19-Feb-2015 15:50:01.632 INFO [main] org.apache.catalina.startup.VersionLoggerListener.log Architecture:          x86
19-Feb-2015 15:50:01.632 INFO [main] org.apache.catalina.startup.VersionLoggerListener.log Java Home:             C:\Program Files (x86)\Java\jdk1.7.0_75\jre
19-Feb-2015 15:50:01.632 INFO [main] org.apache.catalina.startup.VersionLoggerListener.log JVM Version:           1.7.0_75-b13
19-Feb-2015 15:50:01.632 INFO [main] org.apache.catalina.startup.VersionLoggerListener.log JVM Vendor:            Oracle Corporation
19-Feb-2015 15:50:01.633 INFO [main] org.apache.catalina.startup.VersionLoggerListener.log CATALINA_BASE:         F:\IGDMWebapplication\apache-tomcat-8.0.18
19-Feb-2015 15:50:01.633 INFO [main] org.apache.catalina.startup.VersionLoggerListener.log CATALINA_HOME:         F:\IGDMWebapplication\apache-tomcat-8.0.18
19-Feb-2015 15:50:01.633 INFO [main] org.apache.catalina.startup.VersionLoggerListener.log Command line argument: -Djava.util.logging.config.file=F:\IGDMWebapplication\apache-tomcat-8.0.18\conf\logging.properties
19-Feb-2015 15:50:01.633 INFO [main] org.apache.catalina.startup.VersionLoggerListener.log Command line argument: -Djava.util.logging.manager=org.apache.juli.ClassLoaderLogManager
19-Feb-2015 15:50:01.633 INFO [main] org.apache.catalina.startup.VersionLoggerListener.log Command line argument: -Djava.endorsed.dirs=F:\IGDMWebapplication\apache-tomcat-8.0.18\endorsed
19-Feb-2015 15:50:01.634 INFO [main] org.apache.catalina.startup.VersionLoggerListener.log Command line argument: -Dcatalina.base=F:\IGDMWebapplication\apache-tomcat-8.0.18
19-Feb-2015 15:50:01.634 INFO [main] org.apache.catalina.startup.VersionLoggerListener.log Command line argument: -Dcatalina.home=F:\IGDMWebapplication\apache-tomcat-8.0.18
19-Feb-2015 15:50:01.635 INFO [main] org.apache.catalina.startup.VersionLoggerListener.log Command line argument: -Djava.io.tmpdir=F:\IGDMWebapplication\apache-tomcat-8.0.18\temp
19-Feb-2015 15:50:01.635 INFO [main] org.apache.catalina.core.AprLifecycleListener.lifecycleEvent The APR based Apache Tomcat Native library which allows optimal performance in production environments was not found on the java.library.path: C:\Program Files (x86)\Java\jdk1.7.0_75\bin;C:\Windows\Sun\Java\bin;C:\Windows\system32;C:\Windows;C:\Program Files (x86)\NVIDIA Corporation\PhysX\Common;C:\Program Files\Common Files\Microsoft Shared\Windows Live;C:\Program Files (x86)\Common Files\Microsoft Shared\Windows Live;C:\Program Files\Common Files\Microsoft Shared\Microsoft Online Services;C:\Program Files (x86)\Common Files\Microsoft Shared\Microsoft Online Services;C:\Program Files (x86)\ImageMagick-6.8.7-Q16;C:\PROGRAM FILES (X86)\INTEL\ICLS CLIENT\;C:\PROGRAM FILES\INTEL\ICLS CLIENT\;C:\Windows\SYSTEM32;C:\Windows;C:\Windows\SYSTEM32\WBEM;C:\Windows\SYSTEM32\WINDOWSPOWERSHELL\V1.0\;C:\PROGRAM FILES (X86)\MICROSOFT SQL SERVER\100\TOOLS\BINN\;C:\PROGRAM FILES\MICROSOFT SQL SERVER\100\TOOLS\BINN\;C:\PROGRAM FILES\MICROSOFT SQL SERVER\100\DTS\BINN\;C:\PROGRAM FILES (X86)\INTEL\OPENCL SDK\2.0\BIN\X86;C:\PROGRAM FILES (X86)\INTEL\OPENCL SDK\2.0\BIN\X64;C:\PROGRAM FILES\INTEL\INTEL(R) MANAGEMENT ENGINE COMPONENTS\DAL;C:\PROGRAM FILES\INTEL\INTEL(R) MANAGEMENT ENGINE COMPONENTS\IPT;C:\PROGRAM FILES (X86)\INTEL\INTEL(R) MANAGEMENT ENGINE COMPONENTS\DAL;C:\PROGRAM FILES (X86)\INTEL\INTEL(R) MANAGEMENT ENGINE COMPONENTS\IPT;C:\Program Files\Lenovo\Bluetooth Software\;C:\Program Files\Lenovo\Bluetooth Software\syswow64;C:\Program Files (x86)\Intel\OpenCL SDK\2.0\bin\x86;C:\Program Files (x86)\Intel\OpenCL SDK\2.0\bin\x64;C:\Program Files\TortoiseSVN\bin;C:\Program Files (x86)\MATLAB\R2013a\runtime\win32;C:\Program Files (x86)\MATLAB\R2013a\bin;C:\Program Files\MATLAB\R2013a\runtime\win64;C:\Program Files\MATLAB\R2013a\bin;C:\Program Files\MATLAB\MATLAB Compiler Runtime\v81\runtime\win64;C:\Program Files (x86)\Microsoft SQL Server\90\Tools\binn\;C:\Program Files\Microsoft\Web Platform Installer\;C:\Program Files\nodejs\;C:\Program Files (x86)\Windows Live\Shared;C:\Ruby193\bin;C:\Program Files (x86)\IDM Computer Solutions\UltraCompare\;C:\Program Files (x86)\SSH Communications Security\SSH Secure Shell;C:\Users\xiaodongsun\AppData\Roaming\npm;C:\Python27\;C:\Program Files (x86)\Java\jdk1.7.0_75\bin;;.
19-Feb-2015 15:50:01.722 INFO [main] org.apache.coyote.AbstractProtocol.init Initializing ProtocolHandler ["http-nio-8080"]
19-Feb-2015 15:50:01.744 INFO [main] org.apache.tomcat.util.net.NioSelectorPool.getSharedSelector Using a shared selector for servlet write/read
19-Feb-2015 15:50:01.755 INFO [main] org.apache.coyote.AbstractProtocol.init Initializing ProtocolHandler ["ajp-nio-8009"]
19-Feb-2015 15:50:01.765 INFO [main] org.apache.tomcat.util.net.NioSelectorPool.getSharedSelector Using a shared selector for servlet write/read
19-Feb-2015 15:50:01.766 INFO [main] org.apache.catalina.startup.Catalina.load Initialization processed in 420 ms
19-Feb-2015 15:50:01.783 INFO [main] org.apache.catalina.core.StandardService.startInternal Starting service Catalina
19-Feb-2015 15:50:01.783 INFO [main] org.apache.catalina.core.StandardEngine.startInternal Starting Servlet Engine: Apache Tomcat/8.0.18
19-Feb-2015 15:50:01.791 INFO [localhost-startStop-1] org.apache.catalina.startup.HostConfig.deployDirectory Deploying web application directory F:\IGDMWebapplication\apache-tomcat-8.0.18\webapps\docs
19-Feb-2015 15:50:02.688 INFO [localhost-startStop-1] org.apache.catalina.util.SessionIdGeneratorBase.createSecureRandom Creation of SecureRandom instance for session ID generation using [SHA1PRNG] took [694] milliseconds.
19-Feb-2015 15:50:02.704 INFO [localhost-startStop-1] org.apache.catalina.startup.HostConfig.deployDirectory Deployment of web application directory F:\IGDMWebapplication\apache-tomcat-8.0.18\webapps\docs has finished in 913 ms
19-Feb-2015 15:50:02.705 INFO [localhost-startStop-1] org.apache.catalina.startup.HostConfig.deployDirectory Deploying web application directory F:\IGDMWebapplication\apache-tomcat-8.0.18\webapps\examples
19-Feb-2015 15:50:03.537 INFO [localhost-startStop-1] org.apache.catalina.startup.HostConfig.deployDirectory Deployment of web application directory F:\IGDMWebapplication\apache-tomcat-8.0.18\webapps\examples has finished in 832 ms
19-Feb-2015 15:50:03.537 INFO [localhost-startStop-1] org.apache.catalina.startup.HostConfig.deployDirectory Deploying web application directory F:\IGDMWebapplication\apache-tomcat-8.0.18\webapps\host-manager
19-Feb-2015 15:50:03.565 INFO [localhost-startStop-1] org.apache.catalina.startup.HostConfig.deployDirectory Deployment of web application directory F:\IGDMWebapplication\apache-tomcat-8.0.18\webapps\host-manager has finished in 28 ms
19-Feb-2015 15:50:03.566 INFO [localhost-startStop-1] org.apache.catalina.startup.HostConfig.deployDirectory Deploying web application directory F:\IGDMWebapplication\apache-tomcat-8.0.18\webapps\manager
19-Feb-2015 15:50:03.597 INFO [localhost-startStop-1] org.apache.catalina.startup.HostConfig.deployDirectory Deployment of web application directory F:\IGDMWebapplication\apache-tomcat-8.0.18\webapps\manager has finished in 31 ms
19-Feb-2015 15:50:03.597 INFO [localhost-startStop-1] org.apache.catalina.startup.HostConfig.deployDirectory Deploying web application directory F:\IGDMWebapplication\apache-tomcat-8.0.18\webapps\ROOT
19-Feb-2015 15:50:04.267 INFO [localhost-startStop-1] org.apache.catalina.startup.HostConfig.deployDirectory Deployment of web application directory F:\IGDMWebapplication\apache-tomcat-8.0.18\webapps\ROOT has finished in 669 ms
19-Feb-2015 15:50:04.269 INFO [main] org.apache.coyote.AbstractProtocol.start Starting ProtocolHandler ["http-nio-8080"]
19-Feb-2015 15:50:04.274 INFO [main] org.apache.coyote.AbstractProtocol.start Starting ProtocolHandler ["ajp-nio-8009"]
19-Feb-2015 15:50:04.275 INFO [main] org.apache.catalina.startup.Catalina.start Server startup in 2508 ms
19-Feb-2015 15:54:01.401 INFO [main] org.apache.catalina.core.StandardServer.await A valid shutdown command was received via the shutdown port. Stopping the Server instance.
19-Feb-2015 15:54:01.401 INFO [main] org.apache.coyote.AbstractProtocol.pause Pausing ProtocolHandler ["http-nio-8080"]
19-Feb-2015 15:54:01.456 INFO [main] org.apache.coyote.AbstractProtocol.pause Pausing ProtocolHandler ["ajp-nio-8009"]
19-Feb-2015 15:54:01.507 INFO [main] org.apache.catalina.core.StandardService.stopInternal Stopping service Catalina
19-Feb-2015 15:54:01.552 INFO [main] org.apache.coyote.AbstractProtocol.stop Stopping ProtocolHandler ["http-nio-8080"]
19-Feb-2015 15:54:01.557 INFO [main] org.apache.coyote.AbstractProtocol.stop Stopping ProtocolHandler ["ajp-nio-8009"]
19-Feb-2015 15:54:01.558 INFO [main] org.apache.coyote.AbstractProtocol.destroy Destroying ProtocolHandler ["http-nio-8080"]
19-Feb-2015 15:54:01.559 INFO [main] org.apache.coyote.AbstractProtocol.destroy Destroying ProtocolHandler ["ajp-nio-8009"]
19-Feb-2015 15:54:05.097 INFO [main] org.apache.catalina.startup.VersionLoggerListener.log Server version:        Apache Tomcat/8.0.18
19-Feb-2015 15:54:05.097 INFO [main] org.apache.catalina.startup.VersionLoggerListener.log Server built:          Jan 23 2015 11:56:07 UTC
19-Feb-2015 15:54:05.098 INFO [main] org.apache.catalina.startup.VersionLoggerListener.log Server number:         8.0.18.0
19-Feb-2015 15:54:05.098 INFO [main] org.apache.catalina.startup.VersionLoggerListener.log OS Name:               Windows 7
19-Feb-2015 15:54:05.098 INFO [main] org.apache.catalina.startup.VersionLoggerListener.log OS Version:            6.1
19-Feb-2015 15:54:05.098 INFO [main] org.apache.catalina.startup.VersionLoggerListener.log Architecture:          x86
19-Feb-2015 15:54:05.098 INFO [main] org.apache.catalina.startup.VersionLoggerListener.log Java Home:             C:\Program Files (x86)\Java\jdk1.7.0_75\jre
19-Feb-2015 15:54:05.098 INFO [main] org.apache.catalina.startup.VersionLoggerListener.log JVM Version:           1.7.0_75-b13
19-Feb-2015 15:54:05.098 INFO [main] org.apache.catalina.startup.VersionLoggerListener.log JVM Vendor:            Oracle Corporation
19-Feb-2015 15:54:05.098 INFO [main] org.apache.catalina.startup.VersionLoggerListener.log CATALINA_BASE:         F:\IGDMWebapplication\apache-tomcat-8.0.18
19-Feb-2015 15:54:05.099 INFO [main] org.apache.catalina.startup.VersionLoggerListener.log CATALINA_HOME:         F:\IGDMWebapplication\apache-tomcat-8.0.18
19-Feb-2015 15:54:05.099 INFO [main] org.apache.catalina.startup.VersionLoggerListener.log Command line argument: -Djava.util.logging.config.file=F:\IGDMWebapplication\apache-tomcat-8.0.18\conf\logging.properties
19-Feb-2015 15:54:05.099 INFO [main] org.apache.catalina.startup.VersionLoggerListener.log Command line argument: -Djava.util.logging.manager=org.apache.juli.ClassLoaderLogManager
19-Feb-2015 15:54:05.099 INFO [main] org.apache.catalina.startup.VersionLoggerListener.log Command line argument: -Djava.endorsed.dirs=F:\IGDMWebapplication\apache-tomcat-8.0.18\endorsed
19-Feb-2015 15:54:05.099 INFO [main] org.apache.catalina.startup.VersionLoggerListener.log Command line argument: -Dcatalina.base=F:\IGDMWebapplication\apache-tomcat-8.0.18
19-Feb-2015 15:54:05.100 INFO [main] org.apache.catalina.startup.VersionLoggerListener.log Command line argument: -Dcatalina.home=F:\IGDMWebapplication\apache-tomcat-8.0.18
19-Feb-2015 15:54:05.100 INFO [main] org.apache.catalina.startup.VersionLoggerListener.log Command line argument: -Djava.io.tmpdir=F:\IGDMWebapplication\apache-tomcat-8.0.18\temp
19-Feb-2015 15:54:05.101 INFO [main] org.apache.catalina.core.AprLifecycleListener.lifecycleEvent The APR based Apache Tomcat Native library which allows optimal performance in production environments was not found on the java.library.path: C:\Program Files (x86)\Java\jdk1.7.0_75\bin;C:\Windows\Sun\Java\bin;C:\Windows\system32;C:\Windows;C:\Program Files (x86)\NVIDIA Corporation\PhysX\Common;C:\Program Files\Common Files\Microsoft Shared\Windows Live;C:\Program Files (x86)\Common Files\Microsoft Shared\Windows Live;C:\Program Files\Common Files\Microsoft Shared\Microsoft Online Services;C:\Program Files (x86)\Common Files\Microsoft Shared\Microsoft Online Services;C:\Program Files (x86)\ImageMagick-6.8.7-Q16;C:\PROGRAM FILES (X86)\INTEL\ICLS CLIENT\;C:\PROGRAM FILES\INTEL\ICLS CLIENT\;C:\Windows\SYSTEM32;C:\Windows;C:\Windows\SYSTEM32\WBEM;C:\Windows\SYSTEM32\WINDOWSPOWERSHELL\V1.0\;C:\PROGRAM FILES (X86)\MICROSOFT SQL SERVER\100\TOOLS\BINN\;C:\PROGRAM FILES\MICROSOFT SQL SERVER\100\TOOLS\BINN\;C:\PROGRAM FILES\MICROSOFT SQL SERVER\100\DTS\BINN\;C:\PROGRAM FILES (X86)\INTEL\OPENCL SDK\2.0\BIN\X86;C:\PROGRAM FILES (X86)\INTEL\OPENCL SDK\2.0\BIN\X64;C:\PROGRAM FILES\INTEL\INTEL(R) MANAGEMENT ENGINE COMPONENTS\DAL;C:\PROGRAM FILES\INTEL\INTEL(R) MANAGEMENT ENGINE COMPONENTS\IPT;C:\PROGRAM FILES (X86)\INTEL\INTEL(R) MANAGEMENT ENGINE COMPONENTS\DAL;C:\PROGRAM FILES (X86)\INTEL\INTEL(R) MANAGEMENT ENGINE COMPONENTS\IPT;C:\Program Files\Lenovo\Bluetooth Software\;C:\Program Files\Lenovo\Bluetooth Software\syswow64;C:\Program Files (x86)\Intel\OpenCL SDK\2.0\bin\x86;C:\Program Files (x86)\Intel\OpenCL SDK\2.0\bin\x64;C:\Program Files\TortoiseSVN\bin;C:\Program Files (x86)\MATLAB\R2013a\runtime\win32;C:\Program Files (x86)\MATLAB\R2013a\bin;C:\Program Files\MATLAB\R2013a\runtime\win64;C:\Program Files\MATLAB\R2013a\bin;C:\Program Files\MATLAB\MATLAB Compiler Runtime\v81\runtime\win64;C:\Program Files (x86)\Microsoft SQL Server\90\Tools\binn\;C:\Program Files\Microsoft\Web Platform Installer\;C:\Program Files\nodejs\;C:\Program Files (x86)\Windows Live\Shared;C:\Ruby193\bin;C:\Program Files (x86)\IDM Computer Solutions\UltraCompare\;C:\Program Files (x86)\SSH Communications Security\SSH Secure Shell;C:\Users\xiaodongsun\AppData\Roaming\npm;C:\Python27\;C:\Program Files (x86)\Java\jdk1.7.0_75\bin;;.
19-Feb-2015 15:54:05.177 INFO [main] org.apache.coyote.AbstractProtocol.init Initializing ProtocolHandler ["http-nio-8080"]
19-Feb-2015 15:54:05.197 INFO [main] org.apache.tomcat.util.net.NioSelectorPool.getSharedSelector Using a shared selector for servlet write/read
19-Feb-2015 15:54:05.199 INFO [main] org.apache.coyote.AbstractProtocol.init Initializing ProtocolHandler ["ajp-nio-8009"]
19-Feb-2015 15:54:05.208 INFO [main] org.apache.tomcat.util.net.NioSelectorPool.getSharedSelector Using a shared selector for servlet write/read
19-Feb-2015 15:54:05.209 INFO [main] org.apache.catalina.startup.Catalina.load Initialization processed in 388 ms
19-Feb-2015 15:54:05.230 INFO [main] org.apache.catalina.core.StandardService.startInternal Starting service Catalina
19-Feb-2015 15:54:05.230 INFO [main] org.apache.catalina.core.StandardEngine.startInternal Starting Servlet Engine: Apache Tomcat/8.0.18
19-Feb-2015 15:54:05.240 INFO [localhost-startStop-1] org.apache.catalina.startup.HostConfig.deployDirectory Deploying web application directory F:\IGDMWebapplication\apache-tomcat-8.0.18\webapps\docs
19-Feb-2015 15:54:06.128 INFO [localhost-startStop-1] org.apache.catalina.util.SessionIdGeneratorBase.createSecureRandom Creation of SecureRandom instance for session ID generation using [SHA1PRNG] took [710] milliseconds.
19-Feb-2015 15:54:06.144 INFO [localhost-startStop-1] org.apache.catalina.startup.HostConfig.deployDirectory Deployment of web application directory F:\IGDMWebapplication\apache-tomcat-8.0.18\webapps\docs has finished in 904 ms
19-Feb-2015 15:54:06.144 INFO [localhost-startStop-1] org.apache.catalina.startup.HostConfig.deployDirectory Deploying web application directory F:\IGDMWebapplication\apache-tomcat-8.0.18\webapps\examples
19-Feb-2015 15:54:06.983 INFO [localhost-startStop-1] org.apache.catalina.startup.HostConfig.deployDirectory Deployment of web application directory F:\IGDMWebapplication\apache-tomcat-8.0.18\webapps\examples has finished in 839 ms
19-Feb-2015 15:54:06.984 INFO [localhost-startStop-1] org.apache.catalina.startup.HostConfig.deployDirectory Deploying web application directory F:\IGDMWebapplication\apache-tomcat-8.0.18\webapps\host-manager
19-Feb-2015 15:54:07.005 INFO [localhost-startStop-1] org.apache.catalina.startup.HostConfig.deployDirectory Deployment of web application directory F:\IGDMWebapplication\apache-tomcat-8.0.18\webapps\host-manager has finished in 21 ms
19-Feb-2015 15:54:07.005 INFO [localhost-startStop-1] org.apache.catalina.startup.HostConfig.deployDirectory Deploying web application directory F:\IGDMWebapplication\apache-tomcat-8.0.18\webapps\manager
19-Feb-2015 15:54:07.034 INFO [localhost-startStop-1] org.apache.catalina.startup.HostConfig.deployDirectory Deployment of web application directory F:\IGDMWebapplication\apache-tomcat-8.0.18\webapps\manager has finished in 29 ms
19-Feb-2015 15:54:07.034 INFO [localhost-startStop-1] org.apache.catalina.startup.HostConfig.deployDirectory Deploying web application directory F:\IGDMWebapplication\apache-tomcat-8.0.18\webapps\ROOT
19-Feb-2015 15:54:07.704 INFO [localhost-startStop-1] org.apache.catalina.startup.HostConfig.deployDirectory Deployment of web application directory F:\IGDMWebapplication\apache-tomcat-8.0.18\webapps\ROOT has finished in 670 ms
19-Feb-2015 15:54:07.706 INFO [main] org.apache.coyote.AbstractProtocol.start Starting ProtocolHandler ["http-nio-8080"]
19-Feb-2015 15:54:07.712 INFO [main] org.apache.coyote.AbstractProtocol.start Starting ProtocolHandler ["ajp-nio-8009"]
19-Feb-2015 15:54:07.713 INFO [main] org.apache.catalina.startup.Catalina.start Server startup in 2503 ms
19-Feb-2015 16:07:16.853 INFO [main] org.apache.catalina.core.StandardServer.await A valid shutdown command was received via the shutdown port. Stopping the Server instance.
19-Feb-2015 16:07:16.853 INFO [main] org.apache.coyote.AbstractProtocol.pause Pausing ProtocolHandler ["http-nio-8080"]
19-Feb-2015 16:07:16.907 INFO [main] org.apache.coyote.AbstractProtocol.pause Pausing ProtocolHandler ["ajp-nio-8009"]
19-Feb-2015 16:07:16.957 INFO [main] org.apache.catalina.core.StandardService.stopInternal Stopping service Catalina
19-Feb-2015 16:07:16.978 INFO [main] org.apache.coyote.AbstractProtocol.stop Stopping ProtocolHandler ["http-nio-8080"]
19-Feb-2015 16:07:16.981 INFO [main] org.apache.coyote.AbstractProtocol.stop Stopping ProtocolHandler ["ajp-nio-8009"]
19-Feb-2015 16:07:16.982 INFO [main] org.apache.coyote.AbstractProtocol.destroy Destroying ProtocolHandler ["http-nio-8080"]
19-Feb-2015 16:07:16.983 INFO [main] org.apache.coyote.AbstractProtocol.destroy Destroying ProtocolHandler ["ajp-nio-8009"]
19-Feb-2015 16:07:22.385 INFO [main] org.apache.catalina.startup.VersionLoggerListener.log Server version:        Apache Tomcat/8.0.18
19-Feb-2015 16:07:22.386 INFO [main] org.apache.catalina.startup.VersionLoggerListener.log Server built:          Jan 23 2015 11:56:07 UTC
19-Feb-2015 16:07:22.386 INFO [main] org.apache.catalina.startup.VersionLoggerListener.log Server number:         8.0.18.0
19-Feb-2015 16:07:22.386 INFO [main] org.apache.catalina.startup.VersionLoggerListener.log OS Name:               Windows 7
19-Feb-2015 16:07:22.386 INFO [main] org.apache.catalina.startup.VersionLoggerListener.log OS Version:            6.1
19-Feb-2015 16:07:22.386 INFO [main] org.apache.catalina.startup.VersionLoggerListener.log Architecture:          x86
19-Feb-2015 16:07:22.386 INFO [main] org.apache.catalina.startup.VersionLoggerListener.log Java Home:             C:\Program Files (x86)\Java\jdk1.7.0_75\jre
19-Feb-2015 16:07:22.386 INFO [main] org.apache.catalina.startup.VersionLoggerListener.log JVM Version:           1.7.0_75-b13
19-Feb-2015 16:07:22.387 INFO [main] org.apache.catalina.startup.VersionLoggerListener.log JVM Vendor:            Oracle Corporation
19-Feb-2015 16:07:22.387 INFO [main] org.apache.catalina.startup.VersionLoggerListener.log CATALINA_BASE:         F:\IGDMWebapplication\apache-tomcat-8.0.18
19-Feb-2015 16:07:22.387 INFO [main] org.apache.catalina.startup.VersionLoggerListener.log CATALINA_HOME:         F:\IGDMWebapplication\apache-tomcat-8.0.18
19-Feb-2015 16:07:22.387 INFO [main] org.apache.catalina.startup.VersionLoggerListener.log Command line argument: -Djava.util.logging.config.file=F:\IGDMWebapplication\apache-tomcat-8.0.18\conf\logging.properties
19-Feb-2015 16:07:22.387 INFO [main] org.apache.catalina.startup.VersionLoggerListener.log Command line argument: -Djava.util.logging.manager=org.apache.juli.ClassLoaderLogManager
19-Feb-2015 16:07:22.388 INFO [main] org.apache.catalina.startup.VersionLoggerListener.log Command line argument: -Djava.endorsed.dirs=F:\IGDMWebapplication\apache-tomcat-8.0.18\endorsed
19-Feb-2015 16:07:22.388 INFO [main] org.apache.catalina.startup.VersionLoggerListener.log Command line argument: -Dcatalina.base=F:\IGDMWebapplication\apache-tomcat-8.0.18
19-Feb-2015 16:07:22.388 INFO [main] org.apache.catalina.startup.VersionLoggerListener.log Command line argument: -Dcatalina.home=F:\IGDMWebapplication\apache-tomcat-8.0.18
19-Feb-2015 16:07:22.389 INFO [main] org.apache.catalina.startup.VersionLoggerListener.log Command line argument: -Djava.io.tmpdir=F:\IGDMWebapplication\apache-tomcat-8.0.18\temp
19-Feb-2015 16:07:22.389 INFO [main] org.apache.catalina.core.AprLifecycleListener.lifecycleEvent The APR based Apache Tomcat Native library which allows optimal performance in production environments was not found on the java.library.path: C:\Program Files (x86)\Java\jdk1.7.0_75\bin;C:\Windows\Sun\Java\bin;C:\Windows\system32;C:\Windows;C:\Program Files (x86)\NVIDIA Corporation\PhysX\Common;C:\Program Files\Common Files\Microsoft Shared\Windows Live;C:\Program Files (x86)\Common Files\Microsoft Shared\Windows Live;C:\Program Files\Common Files\Microsoft Shared\Microsoft Online Services;C:\Program Files (x86)\Common Files\Microsoft Shared\Microsoft Online Services;C:\Program Files (x86)\ImageMagick-6.8.7-Q16;C:\PROGRAM FILES (X86)\INTEL\ICLS CLIENT\;C:\PROGRAM FILES\INTEL\ICLS CLIENT\;C:\Windows\SYSTEM32;C:\Windows;C:\Windows\SYSTEM32\WBEM;C:\Windows\SYSTEM32\WINDOWSPOWERSHELL\V1.0\;C:\PROGRAM FILES (X86)\MICROSOFT SQL SERVER\100\TOOLS\BINN\;C:\PROGRAM FILES\MICROSOFT SQL SERVER\100\TOOLS\BINN\;C:\PROGRAM FILES\MICROSOFT SQL SERVER\100\DTS\BINN\;C:\PROGRAM FILES (X86)\INTEL\OPENCL SDK\2.0\BIN\X86;C:\PROGRAM FILES (X86)\INTEL\OPENCL SDK\2.0\BIN\X64;C:\PROGRAM FILES\INTEL\INTEL(R) MANAGEMENT ENGINE COMPONENTS\DAL;C:\PROGRAM FILES\INTEL\INTEL(R) MANAGEMENT ENGINE COMPONENTS\IPT;C:\PROGRAM FILES (X86)\INTEL\INTEL(R) MANAGEMENT ENGINE COMPONENTS\DAL;C:\PROGRAM FILES (X86)\INTEL\INTEL(R) MANAGEMENT ENGINE COMPONENTS\IPT;C:\Program Files\Lenovo\Bluetooth Software\;C:\Program Files\Lenovo\Bluetooth Software\syswow64;C:\Program Files (x86)\Intel\OpenCL SDK\2.0\bin\x86;C:\Program Files (x86)\Intel\OpenCL SDK\2.0\bin\x64;C:\Program Files\TortoiseSVN\bin;C:\Program Files (x86)\MATLAB\R2013a\runtime\win32;C:\Program Files (x86)\MATLAB\R2013a\bin;C:\Program Files\MATLAB\R2013a\runtime\win64;C:\Program Files\MATLAB\R2013a\bin;C:\Program Files\MATLAB\MATLAB Compiler Runtime\v81\runtime\win64;C:\Program Files (x86)\Microsoft SQL Server\90\Tools\binn\;C:\Program Files\Microsoft\Web Platform Installer\;C:\Program Files\nodejs\;C:\Program Files (x86)\Windows Live\Shared;C:\Ruby193\bin;C:\Program Files (x86)\IDM Computer Solutions\UltraCompare\;C:\Program Files (x86)\SSH Communications Security\SSH Secure Shell;C:\Users\xiaodongsun\AppData\Roaming\npm;C:\Python27\;C:\Program Files (x86)\Java\jdk1.7.0_75\bin;;.
19-Feb-2015 16:07:22.477 INFO [main] org.apache.coyote.AbstractProtocol.init Initializing ProtocolHandler ["http-nio-8080"]
19-Feb-2015 16:07:22.504 INFO [main] org.apache.tomcat.util.net.NioSelectorPool.getSharedSelector Using a shared selector for servlet write/read
19-Feb-2015 16:07:22.508 INFO [main] org.apache.coyote.AbstractProtocol.init Initializing ProtocolHandler ["ajp-nio-8009"]
19-Feb-2015 16:07:22.515 INFO [main] org.apache.tomcat.util.net.NioSelectorPool.getSharedSelector Using a shared selector for servlet write/read
19-Feb-2015 16:07:22.516 INFO [main] org.apache.catalina.startup.Catalina.load Initialization processed in 404 ms
19-Feb-2015 16:07:22.532 INFO [main] org.apache.catalina.core.StandardService.startInternal Starting service Catalina
19-Feb-2015 16:07:22.532 INFO [main] org.apache.catalina.core.StandardEngine.startInternal Starting Servlet Engine: Apache Tomcat/8.0.18
19-Feb-2015 16:07:22.540 INFO [localhost-startStop-1] org.apache.catalina.startup.HostConfig.deployDirectory Deploying web application directory F:\IGDMWebapplication\apache-tomcat-8.0.18\webapps\docs
19-Feb-2015 16:07:23.411 INFO [localhost-startStop-1] org.apache.catalina.util.SessionIdGeneratorBase.createSecureRandom Creation of SecureRandom instance for session ID generation using [SHA1PRNG] took [704] milliseconds.
19-Feb-2015 16:07:23.427 INFO [localhost-startStop-1] org.apache.catalina.startup.HostConfig.deployDirectory Deployment of web application directory F:\IGDMWebapplication\apache-tomcat-8.0.18\webapps\docs has finished in 886 ms
19-Feb-2015 16:07:23.427 INFO [localhost-startStop-1] org.apache.catalina.startup.HostConfig.deployDirectory Deploying web application directory F:\IGDMWebapplication\apache-tomcat-8.0.18\webapps\examples
19-Feb-2015 16:07:24.248 INFO [localhost-startStop-1] org.apache.catalina.startup.HostConfig.deployDirectory Deployment of web application directory F:\IGDMWebapplication\apache-tomcat-8.0.18\webapps\examples has finished in 821 ms
19-Feb-2015 16:07:24.248 INFO [localhost-startStop-1] org.apache.catalina.startup.HostConfig.deployDirectory Deploying web application directory F:\IGDMWebapplication\apache-tomcat-8.0.18\webapps\host-manager
19-Feb-2015 16:07:24.270 INFO [localhost-startStop-1] org.apache.catalina.startup.HostConfig.deployDirectory Deployment of web application directory F:\IGDMWebapplication\apache-tomcat-8.0.18\webapps\host-manager has finished in 21 ms
19-Feb-2015 16:07:24.270 INFO [localhost-startStop-1] org.apache.catalina.startup.HostConfig.deployDirectory Deploying web application directory F:\IGDMWebapplication\apache-tomcat-8.0.18\webapps\manager
19-Feb-2015 16:07:24.297 INFO [localhost-startStop-1] org.apache.catalina.startup.HostConfig.deployDirectory Deployment of web application directory F:\IGDMWebapplication\apache-tomcat-8.0.18\webapps\manager has finished in 27 ms
19-Feb-2015 16:07:24.297 INFO [localhost-startStop-1] org.apache.catalina.startup.HostConfig.deployDirectory Deploying web application directory F:\IGDMWebapplication\apache-tomcat-8.0.18\webapps\ROOT
19-Feb-2015 16:07:24.965 INFO [localhost-startStop-1] org.apache.catalina.startup.HostConfig.deployDirectory Deployment of web application directory F:\IGDMWebapplication\apache-tomcat-8.0.18\webapps\ROOT has finished in 668 ms
19-Feb-2015 16:07:24.967 INFO [main] org.apache.coyote.AbstractProtocol.start Starting ProtocolHandler ["http-nio-8080"]
19-Feb-2015 16:07:24.973 INFO [main] org.apache.coyote.AbstractProtocol.start Starting ProtocolHandler ["ajp-nio-8009"]
19-Feb-2015 16:07:24.974 INFO [main] org.apache.catalina.startup.Catalina.start Server startup in 2457 ms
19-Feb-2015 16:13:46.849 INFO [main] org.apache.catalina.core.StandardServer.await A valid shutdown command was received via the shutdown port. Stopping the Server instance.
19-Feb-2015 16:13:46.850 INFO [main] org.apache.coyote.AbstractProtocol.pause Pausing ProtocolHandler ["http-nio-8080"]
19-Feb-2015 16:13:46.904 INFO [main] org.apache.coyote.AbstractProtocol.pause Pausing ProtocolHandler ["ajp-nio-8009"]
19-Feb-2015 16:13:46.956 INFO [main] org.apache.catalina.core.StandardService.stopInternal Stopping service Catalina
19-Feb-2015 16:13:47.001 INFO [main] org.apache.coyote.AbstractProtocol.stop Stopping ProtocolHandler ["http-nio-8080"]
19-Feb-2015 16:13:47.004 INFO [main] org.apache.coyote.AbstractProtocol.stop Stopping ProtocolHandler ["ajp-nio-8009"]
19-Feb-2015 16:13:47.096 INFO [main] org.apache.coyote.AbstractProtocol.destroy Destroying ProtocolHandler ["http-nio-8080"]
19-Feb-2015 16:13:47.099 INFO [main] org.apache.coyote.AbstractProtocol.destroy Destroying ProtocolHandler ["ajp-nio-8009"]
19-Feb-2015 16:13:51.208 INFO [main] org.apache.catalina.startup.VersionLoggerListener.log Server version:        Apache Tomcat/8.0.18
19-Feb-2015 16:13:51.209 INFO [main] org.apache.catalina.startup.VersionLoggerListener.log Server built:          Jan 23 2015 11:56:07 UTC
19-Feb-2015 16:13:51.209 INFO [main] org.apache.catalina.startup.VersionLoggerListener.log Server number:         8.0.18.0
19-Feb-2015 16:13:51.209 INFO [main] org.apache.catalina.startup.VersionLoggerListener.log OS Name:               Windows 7
19-Feb-2015 16:13:51.209 INFO [main] org.apache.catalina.startup.VersionLoggerListener.log OS Version:            6.1
19-Feb-2015 16:13:51.209 INFO [main] org.apache.catalina.startup.VersionLoggerListener.log Architecture:          x86
19-Feb-2015 16:13:51.210 INFO [main] org.apache.catalina.startup.VersionLoggerListener.log Java Home:             C:\Program Files (x86)\Java\jdk1.7.0_75\jre
19-Feb-2015 16:13:51.210 INFO [main] org.apache.catalina.startup.VersionLoggerListener.log JVM Version:           1.7.0_75-b13
19-Feb-2015 16:13:51.210 INFO [main] org.apache.catalina.startup.VersionLoggerListener.log JVM Vendor:            Oracle Corporation
19-Feb-2015 16:13:51.210 INFO [main] org.apache.catalina.startup.VersionLoggerListener.log CATALINA_BASE:         F:\IGDMWebapplication\apache-tomcat-8.0.18
19-Feb-2015 16:13:51.210 INFO [main] org.apache.catalina.startup.VersionLoggerListener.log CATALINA_HOME:         F:\IGDMWebapplication\apache-tomcat-8.0.18
19-Feb-2015 16:13:51.211 INFO [main] org.apache.catalina.startup.VersionLoggerListener.log Command line argument: -Djava.util.logging.config.file=F:\IGDMWebapplication\apache-tomcat-8.0.18\conf\logging.properties
19-Feb-2015 16:13:51.211 INFO [main] org.apache.catalina.startup.VersionLoggerListener.log Command line argument: -Djava.util.logging.manager=org.apache.juli.ClassLoaderLogManager
19-Feb-2015 16:13:51.211 INFO [main] org.apache.catalina.startup.VersionLoggerListener.log Command line argument: -Djava.endorsed.dirs=F:\IGDMWebapplication\apache-tomcat-8.0.18\endorsed
19-Feb-2015 16:13:51.212 INFO [main] org.apache.catalina.startup.VersionLoggerListener.log Command line argument: -Dcatalina.base=F:\IGDMWebapplication\apache-tomcat-8.0.18
19-Feb-2015 16:13:51.212 INFO [main] org.apache.catalina.startup.VersionLoggerListener.log Command line argument: -Dcatalina.home=F:\IGDMWebapplication\apache-tomcat-8.0.18
19-Feb-2015 16:13:51.213 INFO [main] org.apache.catalina.startup.VersionLoggerListener.log Command line argument: -Djava.io.tmpdir=F:\IGDMWebapplication\apache-tomcat-8.0.18\temp
19-Feb-2015 16:13:51.213 INFO [main] org.apache.catalina.core.AprLifecycleListener.lifecycleEvent The APR based Apache Tomcat Native library which allows optimal performance in production environments was not found on the java.library.path: C:\Program Files (x86)\Java\jdk1.7.0_75\bin;C:\Windows\Sun\Java\bin;C:\Windows\system32;C:\Windows;C:\Program Files (x86)\NVIDIA Corporation\PhysX\Common;C:\Program Files\Common Files\Microsoft Shared\Windows Live;C:\Program Files (x86)\Common Files\Microsoft Shared\Windows Live;C:\Program Files\Common Files\Microsoft Shared\Microsoft Online Services;C:\Program Files (x86)\Common Files\Microsoft Shared\Microsoft Online Services;C:\Program Files (x86)\ImageMagick-6.8.7-Q16;C:\PROGRAM FILES (X86)\INTEL\ICLS CLIENT\;C:\PROGRAM FILES\INTEL\ICLS CLIENT\;C:\Windows\SYSTEM32;C:\Windows;C:\Windows\SYSTEM32\WBEM;C:\Windows\SYSTEM32\WINDOWSPOWERSHELL\V1.0\;C:\PROGRAM FILES (X86)\MICROSOFT SQL SERVER\100\TOOLS\BINN\;C:\PROGRAM FILES\MICROSOFT SQL SERVER\100\TOOLS\BINN\;C:\PROGRAM FILES\MICROSOFT SQL SERVER\100\DTS\BINN\;C:\PROGRAM FILES (X86)\INTEL\OPENCL SDK\2.0\BIN\X86;C:\PROGRAM FILES (X86)\INTEL\OPENCL SDK\2.0\BIN\X64;C:\PROGRAM FILES\INTEL\INTEL(R) MANAGEMENT ENGINE COMPONENTS\DAL;C:\PROGRAM FILES\INTEL\INTEL(R) MANAGEMENT ENGINE COMPONENTS\IPT;C:\PROGRAM FILES (X86)\INTEL\INTEL(R) MANAGEMENT ENGINE COMPONENTS\DAL;C:\PROGRAM FILES (X86)\INTEL\INTEL(R) MANAGEMENT ENGINE COMPONENTS\IPT;C:\Program Files\Lenovo\Bluetooth Software\;C:\Program Files\Lenovo\Bluetooth Software\syswow64;C:\Program Files (x86)\Intel\OpenCL SDK\2.0\bin\x86;C:\Program Files (x86)\Intel\OpenCL SDK\2.0\bin\x64;C:\Program Files\TortoiseSVN\bin;C:\Program Files (x86)\MATLAB\R2013a\runtime\win32;C:\Program Files (x86)\MATLAB\R2013a\bin;C:\Program Files\MATLAB\R2013a\runtime\win64;C:\Program Files\MATLAB\R2013a\bin;C:\Program Files\MATLAB\MATLAB Compiler Runtime\v81\runtime\win64;C:\Program Files (x86)\Microsoft SQL Server\90\Tools\binn\;C:\Program Files\Microsoft\Web Platform Installer\;C:\Program Files\nodejs\;C:\Program Files (x86)\Windows Live\Shared;C:\Ruby193\bin;C:\Program Files (x86)\IDM Computer Solutions\UltraCompare\;C:\Program Files (x86)\SSH Communications Security\SSH Secure Shell;C:\Users\xiaodongsun\AppData\Roaming\npm;C:\Python27\;C:\Program Files (x86)\Java\jdk1.7.0_75\bin;;.
19-Feb-2015 16:13:51.301 INFO [main] org.apache.coyote.AbstractProtocol.init Initializing ProtocolHandler ["http-nio-8080"]
19-Feb-2015 16:13:51.327 INFO [main] org.apache.tomcat.util.net.NioSelectorPool.getSharedSelector Using a shared selector for servlet write/read
19-Feb-2015 16:13:51.331 INFO [main] org.apache.coyote.AbstractProtocol.init Initializing ProtocolHandler ["ajp-nio-8009"]
19-Feb-2015 16:13:51.337 INFO [main] org.apache.tomcat.util.net.NioSelectorPool.getSharedSelector Using a shared selector for servlet write/read
19-Feb-2015 16:13:51.338 INFO [main] org.apache.catalina.startup.Catalina.load Initialization processed in 406 ms
19-Feb-2015 16:13:51.360 INFO [main] org.apache.catalina.core.StandardService.startInternal Starting service Catalina
19-Feb-2015 16:13:51.360 INFO [main] org.apache.catalina.core.StandardEngine.startInternal Starting Servlet Engine: Apache Tomcat/8.0.18
19-Feb-2015 16:13:51.369 INFO [localhost-startStop-1] org.apache.catalina.startup.HostConfig.deployDirectory Deploying web application directory F:\IGDMWebapplication\apache-tomcat-8.0.18\webapps\docs
19-Feb-2015 16:13:52.261 INFO [localhost-startStop-1] org.apache.catalina.util.SessionIdGeneratorBase.createSecureRandom Creation of SecureRandom instance for session ID generation using [SHA1PRNG] took [716] milliseconds.
19-Feb-2015 16:13:52.281 INFO [localhost-startStop-1] org.apache.catalina.startup.HostConfig.deployDirectory Deployment of web application directory F:\IGDMWebapplication\apache-tomcat-8.0.18\webapps\docs has finished in 912 ms
19-Feb-2015 16:13:52.282 INFO [localhost-startStop-1] org.apache.catalina.startup.HostConfig.deployDirectory Deploying web application directory F:\IGDMWebapplication\apache-tomcat-8.0.18\webapps\examples
19-Feb-2015 16:13:53.112 INFO [localhost-startStop-1] org.apache.catalina.startup.HostConfig.deployDirectory Deployment of web application directory F:\IGDMWebapplication\apache-tomcat-8.0.18\webapps\examples has finished in 830 ms
19-Feb-2015 16:13:53.113 INFO [localhost-startStop-1] org.apache.catalina.startup.HostConfig.deployDirectory Deploying web application directory F:\IGDMWebapplication\apache-tomcat-8.0.18\webapps\host-manager
19-Feb-2015 16:13:53.134 INFO [localhost-startStop-1] org.apache.catalina.startup.HostConfig.deployDirectory Deployment of web application directory F:\IGDMWebapplication\apache-tomcat-8.0.18\webapps\host-manager has finished in 21 ms
19-Feb-2015 16:13:53.134 INFO [localhost-startStop-1] org.apache.catalina.startup.HostConfig.deployDirectory Deploying web application directory F:\IGDMWebapplication\apache-tomcat-8.0.18\webapps\manager
19-Feb-2015 16:13:53.160 INFO [localhost-startStop-1] org.apache.catalina.startup.HostConfig.deployDirectory Deployment of web application directory F:\IGDMWebapplication\apache-tomcat-8.0.18\webapps\manager has finished in 26 ms
19-Feb-2015 16:13:53.161 INFO [localhost-startStop-1] org.apache.catalina.startup.HostConfig.deployDirectory Deploying web application directory F:\IGDMWebapplication\apache-tomcat-8.0.18\webapps\ROOT
19-Feb-2015 16:13:53.834 INFO [localhost-startStop-1] org.apache.catalina.startup.HostConfig.deployDirectory Deployment of web application directory F:\IGDMWebapplication\apache-tomcat-8.0.18\webapps\ROOT has finished in 673 ms
19-Feb-2015 16:13:53.836 INFO [main] org.apache.coyote.AbstractProtocol.start Starting ProtocolHandler ["http-nio-8080"]
19-Feb-2015 16:13:53.842 INFO [main] org.apache.coyote.AbstractProtocol.start Starting ProtocolHandler ["ajp-nio-8009"]
19-Feb-2015 16:13:53.844 INFO [main] org.apache.catalina.startup.Catalina.start Server startup in 2505 ms
19-Feb-2015 16:23:44.488 INFO [main] org.apache.catalina.core.StandardServer.await A valid shutdown command was received via the shutdown port. Stopping the Server instance.
19-Feb-2015 16:23:44.489 INFO [main] org.apache.coyote.AbstractProtocol.pause Pausing ProtocolHandler ["http-nio-8080"]
19-Feb-2015 16:23:44.494 INFO [main] org.apache.coyote.AbstractProtocol.pause Pausing ProtocolHandler ["ajp-nio-8009"]
19-Feb-2015 16:23:44.544 INFO [main] org.apache.catalina.core.StandardService.stopInternal Stopping service Catalina
19-Feb-2015 16:23:44.565 INFO [main] org.apache.coyote.AbstractProtocol.stop Stopping ProtocolHandler ["http-nio-8080"]
19-Feb-2015 16:23:44.566 INFO [main] org.apache.coyote.AbstractProtocol.stop Stopping ProtocolHandler ["ajp-nio-8009"]
19-Feb-2015 16:23:44.567 INFO [main] org.apache.coyote.AbstractProtocol.destroy Destroying ProtocolHandler ["http-nio-8080"]
19-Feb-2015 16:23:44.568 INFO [main] org.apache.coyote.AbstractProtocol.destroy Destroying ProtocolHandler ["ajp-nio-8009"]
