12-Feb-2015 16:53:40.413 INFO [main] org.apache.catalina.startup.VersionLoggerListener.log Server version:        Apache Tomcat/8.0.18
12-Feb-2015 16:53:40.414 INFO [main] org.apache.catalina.startup.VersionLoggerListener.log Server built:          Jan 23 2015 11:56:07 UTC
12-Feb-2015 16:53:40.414 INFO [main] org.apache.catalina.startup.VersionLoggerListener.log Server number:         8.0.18.0
12-Feb-2015 16:53:40.414 INFO [main] org.apache.catalina.startup.VersionLoggerListener.log OS Name:               Windows 7
12-Feb-2015 16:53:40.414 INFO [main] org.apache.catalina.startup.VersionLoggerListener.log OS Version:            6.1
12-Feb-2015 16:53:40.415 INFO [main] org.apache.catalina.startup.VersionLoggerListener.log Architecture:          x86
12-Feb-2015 16:53:40.415 INFO [main] org.apache.catalina.startup.VersionLoggerListener.log Java Home:             C:\Program Files (x86)\Java\jdk1.7.0_75\jre
12-Feb-2015 16:53:40.415 INFO [main] org.apache.catalina.startup.VersionLoggerListener.log JVM Version:           1.7.0_75-b13
12-Feb-2015 16:53:40.415 INFO [main] org.apache.catalina.startup.VersionLoggerListener.log JVM Vendor:            Oracle Corporation
12-Feb-2015 16:53:40.415 INFO [main] org.apache.catalina.startup.VersionLoggerListener.log CATALINA_BASE:         F:\IGDMWebapplication\apache-tomcat-8.0.18
12-Feb-2015 16:53:40.416 INFO [main] org.apache.catalina.startup.VersionLoggerListener.log CATALINA_HOME:         F:\IGDMWebapplication\apache-tomcat-8.0.18
12-Feb-2015 16:53:40.450 INFO [main] org.apache.catalina.startup.VersionLoggerListener.log Command line argument: -Djava.util.logging.config.file=F:\IGDMWebapplication\apache-tomcat-8.0.18\conf\logging.properties
12-Feb-2015 16:53:40.451 INFO [main] org.apache.catalina.startup.VersionLoggerListener.log Command line argument: -Djava.util.logging.manager=org.apache.juli.ClassLoaderLogManager
12-Feb-2015 16:53:40.451 INFO [main] org.apache.catalina.startup.VersionLoggerListener.log Command line argument: -Djava.endorsed.dirs=F:\IGDMWebapplication\apache-tomcat-8.0.18\endorsed
12-Feb-2015 16:53:40.452 INFO [main] org.apache.catalina.startup.VersionLoggerListener.log Command line argument: -Dcatalina.base=F:\IGDMWebapplication\apache-tomcat-8.0.18
12-Feb-2015 16:53:40.452 INFO [main] org.apache.catalina.startup.VersionLoggerListener.log Command line argument: -Dcatalina.home=F:\IGDMWebapplication\apache-tomcat-8.0.18
12-Feb-2015 16:53:40.453 INFO [main] org.apache.catalina.startup.VersionLoggerListener.log Command line argument: -Djava.io.tmpdir=F:\IGDMWebapplication\apache-tomcat-8.0.18\temp
12-Feb-2015 16:53:40.453 INFO [main] org.apache.catalina.core.AprLifecycleListener.lifecycleEvent The APR based Apache Tomcat Native library which allows optimal performance in production environments was not found on the java.library.path: C:\Program Files (x86)\Java\jdk1.7.0_75\bin;C:\Windows\Sun\Java\bin;C:\Windows\system32;C:\Windows;C:\Program Files\Common Files\Microsoft Shared\Microsoft Online Services;C:\Program Files (x86)\Common Files\Microsoft Shared\Microsoft Online Services;C:\Program Files (x86)\ImageMagick-6.8.7-Q16;C:\PROGRAM FILES (X86)\INTEL\ICLS CLIENT\;C:\PROGRAM FILES\INTEL\ICLS CLIENT\;C:\PROGRAM FILES (X86)\NVIDIA CORPORATION\PHYSX\COMMON;C:\Windows\SYSTEM32;C:\Windows;C:\Windows\SYSTEM32\WBEM;C:\Windows\SYSTEM32\WINDOWSPOWERSHELL\V1.0\;C:\PROGRAM FILES (X86)\MICROSOFT SQL SERVER\100\TOOLS\BINN\;C:\PROGRAM FILES\MICROSOFT SQL SERVER\100\TOOLS\BINN\;C:\PROGRAM FILES\MICROSOFT SQL SERVER\100\DTS\BINN\;C:\PROGRAM FILES (X86)\INTEL\OPENCL SDK\2.0\BIN\X86;C:\PROGRAM FILES (X86)\INTEL\OPENCL SDK\2.0\BIN\X64;C:\PROGRAM FILES\INTEL\INTEL(R) MANAGEMENT ENGINE COMPONENTS\DAL;C:\PROGRAM FILES\INTEL\INTEL(R) MANAGEMENT ENGINE COMPONENTS\IPT;C:\PROGRAM FILES (X86)\INTEL\INTEL(R) MANAGEMENT ENGINE COMPONENTS\DAL;C:\PROGRAM FILES (X86)\INTEL\INTEL(R) MANAGEMENT ENGINE COMPONENTS\IPT;C:\Program Files\Lenovo\Bluetooth Software\;C:\Program Files\Lenovo\Bluetooth Software\syswow64;C:\Program Files (x86)\Intel\OpenCL SDK\2.0\bin\x86;C:\Program Files (x86)\Intel\OpenCL SDK\2.0\bin\x64;C:\Program Files\TortoiseSVN\bin;C:\Program Files (x86)\MATLAB\R2013a\runtime\win32;C:\Program Files (x86)\MATLAB\R2013a\bin;C:\Program Files\MATLAB\R2013a\runtime\win64;C:\Program Files\MATLAB\R2013a\bin;C:\Program Files\MATLAB\MATLAB Compiler Runtime\v81\runtime\win64;C:\Program Files (x86)\Microsoft SQL Server\90\Tools\binn\;C:\Program Files\Microsoft\Web Platform Installer\;C:\Program Files\nodejs\;C:\Ruby193\bin;C:\Program Files (x86)\IDM Computer Solutions\UltraCompare\;C:\Program Files (x86)\SSH Communications Security\SSH Secure Shell;C:\Users\xiaodongsun\AppData\Roaming\npm;C:\Python27\;C:\Program Files (x86)\Java\jdk1.7.0_75\bin;;.
12-Feb-2015 16:53:41.656 INFO [main] org.apache.coyote.AbstractProtocol.init Initializing ProtocolHandler ["http-nio-8080"]
12-Feb-2015 16:53:41.719 INFO [main] org.apache.tomcat.util.net.NioSelectorPool.getSharedSelector Using a shared selector for servlet write/read
12-Feb-2015 16:53:41.723 INFO [main] org.apache.coyote.AbstractProtocol.init Initializing ProtocolHandler ["ajp-nio-8009"]
12-Feb-2015 16:53:41.738 INFO [main] org.apache.tomcat.util.net.NioSelectorPool.getSharedSelector Using a shared selector for servlet write/read
12-Feb-2015 16:53:41.738 INFO [main] org.apache.catalina.startup.Catalina.load Initialization processed in 2829 ms
12-Feb-2015 16:53:41.916 INFO [main] org.apache.catalina.core.StandardService.startInternal Starting service Catalina
12-Feb-2015 16:53:41.917 INFO [main] org.apache.catalina.core.StandardEngine.startInternal Starting Servlet Engine: Apache Tomcat/8.0.18
12-Feb-2015 16:53:41.982 INFO [localhost-startStop-1] org.apache.catalina.startup.HostConfig.deployDirectory Deploying web application directory F:\IGDMWebapplication\apache-tomcat-8.0.18\webapps\docs
12-Feb-2015 16:53:44.023 INFO [localhost-startStop-1] org.apache.catalina.util.SessionIdGeneratorBase.createSecureRandom Creation of SecureRandom instance for session ID generation using [SHA1PRNG] took [1,041] milliseconds.
12-Feb-2015 16:53:44.205 INFO [localhost-startStop-1] org.apache.catalina.startup.HostConfig.deployDirectory Deployment of web application directory F:\IGDMWebapplication\apache-tomcat-8.0.18\webapps\docs has finished in 2,223 ms
12-Feb-2015 16:53:44.206 INFO [localhost-startStop-1] org.apache.catalina.startup.HostConfig.deployDirectory Deploying web application directory F:\IGDMWebapplication\apache-tomcat-8.0.18\webapps\examples
12-Feb-2015 16:53:47.694 INFO [localhost-startStop-1] org.apache.catalina.startup.HostConfig.deployDirectory Deployment of web application directory F:\IGDMWebapplication\apache-tomcat-8.0.18\webapps\examples has finished in 3,488 ms
12-Feb-2015 16:53:47.695 INFO [localhost-startStop-1] org.apache.catalina.startup.HostConfig.deployDirectory Deploying web application directory F:\IGDMWebapplication\apache-tomcat-8.0.18\webapps\host-manager
12-Feb-2015 16:53:47.753 INFO [localhost-startStop-1] org.apache.catalina.startup.HostConfig.deployDirectory Deployment of web application directory F:\IGDMWebapplication\apache-tomcat-8.0.18\webapps\host-manager has finished in 57 ms
12-Feb-2015 16:53:47.753 INFO [localhost-startStop-1] org.apache.catalina.startup.HostConfig.deployDirectory Deploying web application directory F:\IGDMWebapplication\apache-tomcat-8.0.18\webapps\manager
12-Feb-2015 16:53:47.785 INFO [localhost-startStop-1] org.apache.catalina.startup.HostConfig.deployDirectory Deployment of web application directory F:\IGDMWebapplication\apache-tomcat-8.0.18\webapps\manager has finished in 32 ms
12-Feb-2015 16:53:47.785 INFO [localhost-startStop-1] org.apache.catalina.startup.HostConfig.deployDirectory Deploying web application directory F:\IGDMWebapplication\apache-tomcat-8.0.18\webapps\ROOT
12-Feb-2015 16:53:49.376 INFO [localhost-startStop-1] org.apache.catalina.startup.HostConfig.deployDirectory Deployment of web application directory F:\IGDMWebapplication\apache-tomcat-8.0.18\webapps\ROOT has finished in 1,591 ms
12-Feb-2015 16:53:49.378 INFO [main] org.apache.coyote.AbstractProtocol.start Starting ProtocolHandler ["http-nio-8080"]
12-Feb-2015 16:53:49.390 INFO [main] org.apache.coyote.AbstractProtocol.start Starting ProtocolHandler ["ajp-nio-8009"]
12-Feb-2015 16:53:49.396 INFO [main] org.apache.catalina.startup.Catalina.start Server startup in 7656 ms
